0 verbose cli C:\Program Files\nodejs\node.exe C:\Program Files\nodejs\node_modules\npm\bin\npm-cli.js
1 info using npm@11.13.0
2 info using node@v24.16.0
3 silly config load:file:C:\Program Files\nodejs\node_modules\npm\npmrc
4 silly config load:file:C:\Users\l7294\Documents\记账\.npmrc
5 silly config load:file:C:\Users\l7294\.npmrc
6 silly config load:file:C:\Users\l7294\AppData\Roaming\npm\etc\npmrc
7 verbose title npm install tesseract.js
8 verbose argv "install" "tesseract.js" "--cache" ".\\.npm-cache"
9 verbose logfile logs-max:10 dir:C:\Users\l7294\Documents\记账\.npm-cache\_logs\2026-07-01T08_36_40_205Z-
10 verbose logfile C:\Users\l7294\Documents\记账\.npm-cache\_logs\2026-07-01T08_36_40_205Z-debug-0.log
11 silly logfile done cleaning log files
12 silly packumentCache heap:4496293888 maxSize:1124073472 maxEntrySize:562036736
13 silly idealTree buildDeps
14 silly fetch manifest tesseract.js@*
15 silly packumentCache full:https://registry.npmjs.org/tesseract.js cache-miss
16 http fetch GET 200 https://registry.npmjs.org/tesseract.js 322ms (cache miss)
17 silly packumentCache full:https://registry.npmjs.org/tesseract.js set size:undefined disposed:false
18 silly placeDep ROOT tesseract.js@7.0.0 OK for: minimal-expense-app@0.1.0 want: *
19 silly fetch manifest bmp-js@^0.1.0
20 silly packumentCache full:https://registry.npmjs.org/bmp-js cache-miss
21 silly fetch manifest idb-keyval@^6.2.0
22 silly packumentCache full:https://registry.npmjs.org/idb-keyval cache-miss
23 silly fetch manifest is-url@^1.2.4
24 silly packumentCache full:https://registry.npmjs.org/is-url cache-miss
25 silly fetch manifest node-fetch@^2.6.9
26 silly packumentCache full:https://registry.npmjs.org/node-fetch cache-miss
27 silly fetch manifest opencollective-postinstall@^2.0.3
28 silly packumentCache full:https://registry.npmjs.org/opencollective-postinstall cache-miss
29 silly fetch manifest regenerator-runtime@^0.13.3
30 silly packumentCache full:https://registry.npmjs.org/regenerator-runtime cache-miss
31 silly fetch manifest tesseract.js-core@^7.0.0
32 silly packumentCache full:https://registry.npmjs.org/tesseract.js-core cache-miss
33 silly fetch manifest wasm-feature-detect@^1.8.0
34 silly packumentCache full:https://registry.npmjs.org/wasm-feature-detect cache-miss
35 silly fetch manifest zlibjs@^0.3.1
36 silly packumentCache full:https://registry.npmjs.org/zlibjs cache-miss
37 http fetch GET 200 https://registry.npmjs.org/bmp-js 82ms (cache miss)
38 silly packumentCache full:https://registry.npmjs.org/bmp-js set size:undefined disposed:false
39 http fetch GET 200 https://registry.npmjs.org/idb-keyval 156ms (cache miss)
40 silly packumentCache full:https://registry.npmjs.org/idb-keyval set size:undefined disposed:false
41 http fetch GET 200 https://registry.npmjs.org/opencollective-postinstall 191ms (cache miss)
42 silly packumentCache full:https://registry.npmjs.org/opencollective-postinstall set size:undefined disposed:false
43 http fetch GET 200 https://registry.npmjs.org/is-url 210ms (cache miss)
44 silly packumentCache full:https://registry.npmjs.org/is-url set size:undefined disposed:false
45 http fetch GET 200 https://registry.npmjs.org/zlibjs 326ms (cache miss)
46 silly packumentCache full:https://registry.npmjs.org/zlibjs set size:undefined disposed:false
47 http fetch GET 200 https://registry.npmjs.org/wasm-feature-detect 329ms (cache miss)
48 silly packumentCache full:https://registry.npmjs.org/wasm-feature-detect set size:undefined disposed:false
49 http fetch GET 200 https://registry.npmjs.org/regenerator-runtime 460ms (cache miss)
50 silly packumentCache full:https://registry.npmjs.org/regenerator-runtime set size:undefined disposed:false
51 http fetch GET 200 https://registry.npmjs.org/tesseract.js-core 495ms (cache miss)
52 silly packumentCache full:https://registry.npmjs.org/tesseract.js-core set size:undefined disposed:false
53 http fetch GET 200 https://registry.npmjs.org/node-fetch 579ms (cache miss)
54 silly packumentCache full:https://registry.npmjs.org/node-fetch set size:undefined disposed:false
55 silly fetch manifest encoding@^0.1.0
56 silly packumentCache full:https://registry.npmjs.org/encoding cache-miss
57 http fetch GET 200 https://registry.npmjs.org/encoding 154ms (cache miss)
58 silly packumentCache full:https://registry.npmjs.org/encoding set size:undefined disposed:false
59 silly placeDep ROOT bmp-js@0.1.0 OK for: tesseract.js@7.0.0 want: ^0.1.0
60 silly placeDep ROOT idb-keyval@6.2.6 OK for: tesseract.js@7.0.0 want: ^6.2.0
61 silly placeDep ROOT is-url@1.2.4 OK for: tesseract.js@7.0.0 want: ^1.2.4
62 silly placeDep ROOT node-fetch@2.7.0 OK for: tesseract.js@7.0.0 want: ^2.6.9
63 silly placeDep ROOT opencollective-postinstall@2.0.3 OK for: tesseract.js@7.0.0 want: ^2.0.3
64 silly placeDep ROOT regenerator-runtime@0.13.11 OK for: tesseract.js@7.0.0 want: ^0.13.3
65 silly placeDep ROOT tesseract.js-core@7.0.0 OK for: tesseract.js@7.0.0 want: ^7.0.0
66 silly placeDep ROOT wasm-feature-detect@1.8.0 OK for: tesseract.js@7.0.0 want: ^1.8.0
67 silly placeDep ROOT zlibjs@0.3.1 OK for: tesseract.js@7.0.0 want: ^0.3.1
68 silly fetch manifest whatwg-url@^5.0.0
69 silly packumentCache full:https://registry.npmjs.org/whatwg-url cache-miss
70 http fetch GET 200 https://registry.npmjs.org/whatwg-url 74ms (cache miss)
71 silly packumentCache full:https://registry.npmjs.org/whatwg-url set size:undefined disposed:false
72 silly placeDep ROOT whatwg-url@5.0.0 OK for: node-fetch@2.7.0 want: ^5.0.0
73 silly fetch manifest tr46@~0.0.3
74 silly packumentCache full:https://registry.npmjs.org/tr46 cache-miss
75 silly fetch manifest webidl-conversions@^3.0.0
76 silly packumentCache full:https://registry.npmjs.org/webidl-conversions cache-miss
77 http fetch GET 200 https://registry.npmjs.org/tr46 43ms (cache miss)
78 silly packumentCache full:https://registry.npmjs.org/tr46 set size:undefined disposed:false
79 http fetch GET 200 https://registry.npmjs.org/webidl-conversions 61ms (cache miss)
80 silly packumentCache full:https://registry.npmjs.org/webidl-conversions set size:undefined disposed:false
81 silly placeDep ROOT tr46@0.0.3 OK for: whatwg-url@5.0.0 want: ~0.0.3
82 silly placeDep ROOT webidl-conversions@3.0.1 OK for: whatwg-url@5.0.0 want: ^3.0.0
83 silly reify moves {}
84 silly audit bulk request {
84 silly audit   '@alloc/quick-lru': [ '5.2.0' ],
84 silly audit   '@babel/code-frame': [ '7.29.7' ],
84 silly audit   '@babel/compat-data': [ '7.29.7' ],
84 silly audit   '@babel/core': [ '7.29.7' ],
84 silly audit   '@babel/generator': [ '7.29.7' ],
84 silly audit   '@babel/helper-compilation-targets': [ '7.29.7' ],
84 silly audit   '@babel/helper-globals': [ '7.29.7' ],
84 silly audit   '@babel/helper-module-imports': [ '7.29.7' ],
84 silly audit   '@babel/helper-module-transforms': [ '7.29.7' ],
84 silly audit   '@babel/helper-plugin-utils': [ '7.29.7' ],
84 silly audit   '@babel/helper-string-parser': [ '7.29.7' ],
84 silly audit   '@babel/helper-validator-identifier': [ '7.29.7' ],
84 silly audit   '@babel/helper-validator-option': [ '7.29.7' ],
84 silly audit   '@babel/helpers': [ '7.29.7' ],
84 silly audit   '@babel/parser': [ '7.29.7' ],
84 silly audit   '@babel/plugin-transform-react-jsx-self': [ '7.29.7' ],
84 silly audit   '@babel/plugin-transform-react-jsx-source': [ '7.29.7' ],
84 silly audit   '@babel/template': [ '7.29.7' ],
84 silly audit   '@babel/traverse': [ '7.29.7' ],
84 silly audit   '@babel/types': [ '7.29.7' ],
84 silly audit   '@esbuild/aix-ppc64': [ '0.25.12' ],
84 silly audit   '@esbuild/android-arm': [ '0.25.12' ],
84 silly audit   '@esbuild/android-arm64': [ '0.25.12' ],
84 silly audit   '@esbuild/android-x64': [ '0.25.12' ],
84 silly audit   '@esbuild/darwin-arm64': [ '0.25.12' ],
84 silly audit   '@esbuild/darwin-x64': [ '0.25.12' ],
84 silly audit   '@esbuild/freebsd-arm64': [ '0.25.12' ],
84 silly audit   '@esbuild/freebsd-x64': [ '0.25.12' ],
84 silly audit   '@esbuild/linux-arm': [ '0.25.12' ],
84 silly audit   '@esbuild/linux-arm64': [ '0.25.12' ],
84 silly audit   '@esbuild/linux-ia32': [ '0.25.12' ],
84 silly audit   '@esbuild/linux-loong64': [ '0.25.12' ],
84 silly audit   '@esbuild/linux-mips64el': [ '0.25.12' ],
84 silly audit   '@esbuild/linux-ppc64': [ '0.25.12' ],
84 silly audit   '@esbuild/linux-riscv64': [ '0.25.12' ],
84 silly audit   '@esbuild/linux-s390x': [ '0.25.12' ],
84 silly audit   '@esbuild/linux-x64': [ '0.25.12' ],
84 silly audit   '@esbuild/netbsd-arm64': [ '0.25.12' ],
84 silly audit   '@esbuild/netbsd-x64': [ '0.25.12' ],
84 silly audit   '@esbuild/openbsd-arm64': [ '0.25.12' ],
84 silly audit   '@esbuild/openbsd-x64': [ '0.25.12' ],
84 silly audit   '@esbuild/openharmony-arm64': [ '0.25.12' ],
84 silly audit   '@esbuild/sunos-x64': [ '0.25.12' ],
84 silly audit   '@esbuild/win32-arm64': [ '0.25.12' ],
84 silly audit   '@esbuild/win32-ia32': [ '0.25.12' ],
84 silly audit   '@esbuild/win32-x64': [ '0.25.12' ],
84 silly audit   '@jridgewell/gen-mapping': [ '0.3.13' ],
84 silly audit   '@jridgewell/remapping': [ '2.3.5' ],
84 silly audit   '@jridgewell/resolve-uri': [ '3.1.2' ],
84 silly audit   '@jridgewell/sourcemap-codec': [ '1.5.5' ],
84 silly audit   '@jridgewell/trace-mapping': [ '0.3.31' ],
84 silly audit   '@nodelib/fs.scandir': [ '2.1.5' ],
84 silly audit   '@nodelib/fs.stat': [ '2.0.5' ],
84 silly audit   '@nodelib/fs.walk': [ '1.2.8' ],
84 silly audit   '@rolldown/pluginutils': [ '1.0.0-beta.27' ],
84 silly audit   '@rollup/rollup-android-arm-eabi': [ '4.62.2' ],
84 silly audit   '@rollup/rollup-android-arm64': [ '4.62.2' ],
84 silly audit   '@rollup/rollup-darwin-arm64': [ '4.62.2' ],
84 silly audit   '@rollup/rollup-darwin-x64': [ '4.62.2' ],
84 silly audit   '@rollup/rollup-freebsd-arm64': [ '4.62.2' ],
84 silly audit   '@rollup/rollup-freebsd-x64': [ '4.62.2' ],
84 silly audit   '@rollup/rollup-linux-arm-gnueabihf': [ '4.62.2' ],
84 silly audit   '@rollup/rollup-linux-arm-musleabihf': [ '4.62.2' ],
84 silly audit   '@rollup/rollup-linux-arm64-gnu': [ '4.62.2' ],
84 silly audit   '@rollup/rollup-linux-arm64-musl': [ '4.62.2' ],
84 silly audit   '@rollup/rollup-linux-loong64-gnu': [ '4.62.2' ],
84 silly audit   '@rollup/rollup-linux-loong64-musl': [ '4.62.2' ],
84 silly audit   '@rollup/rollup-linux-ppc64-gnu': [ '4.62.2' ],
84 silly audit   '@rollup/rollup-linux-ppc64-musl': [ '4.62.2' ],
84 silly audit   '@rollup/rollup-linux-riscv64-gnu': [ '4.62.2' ],
84 silly audit   '@rollup/rollup-linux-riscv64-musl': [ '4.62.2' ],
84 silly audit   '@rollup/rollup-linux-s390x-gnu': [ '4.62.2' ],
84 silly audit   '@rollup/rollup-linux-x64-gnu': [ '4.62.2' ],
84 silly audit   '@rollup/rollup-linux-x64-musl': [ '4.62.2' ],
84 silly audit   '@rollup/rollup-openbsd-x64': [ '4.62.2' ],
84 silly audit   '@rollup/rollup-openharmony-arm64': [ '4.62.2' ],
84 silly audit   '@rollup/rollup-win32-arm64-msvc': [ '4.62.2' ],
84 silly audit   '@rollup/rollup-win32-ia32-msvc': [ '4.62.2' ],
84 silly audit   '@rollup/rollup-win32-x64-gnu': [ '4.62.2' ],
84 silly audit   '@rollup/rollup-win32-x64-msvc': [ '4.62.2' ],
84 silly audit   '@types/babel__core': [ '7.20.5' ],
84 silly audit   '@types/babel__generator': [ '7.27.0' ],
84 silly audit   '@types/babel__template': [ '7.4.4' ],
84 silly audit   '@types/babel__traverse': [ '7.28.0' ],
84 silly audit   '@types/estree': [ '1.0.9' ],
84 silly audit   '@types/react': [ '19.2.17' ],
84 silly audit   '@types/react-dom': [ '19.2.3' ],
84 silly audit   '@vitejs/plugin-react': [ '4.7.0' ],
84 silly audit   'any-promise': [ '1.3.0' ],
84 silly audit   anymatch: [ '3.1.3' ],
84 silly audit   arg: [ '5.0.2' ],
84 silly audit   autoprefixer: [ '10.5.2' ],
84 silly audit   'baseline-browser-mapping': [ '2.10.40' ],
84 silly audit   'binary-extensions': [ '2.3.0' ],
84 silly audit   braces: [ '3.0.3' ],
84 silly audit   browserslist: [ '4.28.4' ],
84 silly audit   'camelcase-css': [ '2.0.1' ],
84 silly audit   'caniuse-lite': [ '1.0.30001800' ],
84 silly audit   chokidar: [ '3.6.0' ],
84 silly audit   'glob-parent': [ '5.1.2', '6.0.2' ],
84 silly audit   commander: [ '4.1.1' ],
84 silly audit   'convert-source-map': [ '2.0.0' ],
84 silly audit   cssesc: [ '3.0.0' ],
84 silly audit   csstype: [ '3.2.3' ],
84 silly audit   debug: [ '4.4.3' ],
84 silly audit   didyoumean: [ '1.2.2' ],
84 silly audit   dlv: [ '1.1.3' ],
84 silly audit   'electron-to-chromium': [ '1.5.383' ],
84 silly audit   'es-errors': [ '1.3.0' ],
84 silly audit   esbuild: [ '0.25.12' ],
84 silly audit   escalade: [ '3.2.0' ],
84 silly audit   'fast-glob': [ '3.3.3' ],
84 silly audit   fastq: [ '1.20.1' ],
84 silly audit   'fill-range': [ '7.1.1' ],
84 silly audit   'fraction.js': [ '5.3.4' ],
84 silly audit   fsevents: [ '2.3.3' ],
84 silly audit   'function-bind': [ '1.1.2' ],
84 silly audit   gensync: [ '1.0.0-beta.2' ],
84 silly audit   hasown: [ '2.0.4' ],
84 silly audit   'is-binary-path': [ '2.1.0' ],
84 silly audit   'is-core-module': [ '2.16.2' ],
84 silly audit   'is-extglob': [ '2.1.1' ],
84 silly audit   'is-glob': [ '4.0.3' ],
84 silly audit   'is-number': [ '7.0.0' ],
84 silly audit   jiti: [ '1.21.7' ],
84 silly audit   'js-tokens': [ '4.0.0' ],
84 silly audit   jsesc: [ '3.1.0' ],
84 silly audit   json5: [ '2.2.3' ],
84 silly audit   lilconfig: [ '3.1.3' ],
84 silly audit   'lines-and-columns': [ '1.2.4' ],
84 silly audit   'lru-cache': [ '5.1.1' ],
84 silly audit   merge2: [ '1.4.1' ],
84 silly audit   micromatch: [ '4.0.8' ],
84 silly audit   ms: [ '2.1.3' ],
84 silly audit   mz: [ '2.7.0' ],
84 silly audit   nanoid: [ '3.3.15' ],
84 silly audit   'node-releases': [ '2.0.50' ],
84 silly audit   'normalize-path': [ '3.0.0' ],
84 silly audit   'object-assign': [ '4.1.1' ],
84 silly audit   'object-hash': [ '3.0.0' ],
84 silly audit   'path-parse': [ '1.0.7' ],
84 silly audit   picocolors: [ '1.1.1' ],
84 silly audit   picomatch: [ '2.3.2', '4.0.4' ],
84 silly audit   pify: [ '2.3.0' ],
84 silly audit   pirates: [ '4.0.7' ],
84 silly audit   postcss: [ '8.5.16' ],
84 silly audit   'postcss-import': [ '15.1.0' ],
84 silly audit   'postcss-js': [ '4.1.0' ],
84 silly audit   'postcss-load-config': [ '6.0.1' ],
84 silly audit   'postcss-nested': [ '6.2.0' ],
84 silly audit   'postcss-selector-parser': [ '6.1.4' ],
84 silly audit   'postcss-value-parser': [ '4.2.0' ],
84 silly audit   'queue-microtask': [ '1.2.3' ],
84 silly audit   react: [ '19.2.7' ],
84 silly audit   'react-dom': [ '19.2.7' ],
84 silly audit   'react-refresh': [ '0.17.0' ],
84 silly audit   'read-cache': [ '1.0.0' ],
84 silly audit   readdirp: [ '3.6.0' ],
84 silly audit   resolve: [ '1.22.12' ],
84 silly audit   reusify: [ '1.1.0' ],
84 silly audit   rollup: [ '4.62.2' ],
84 silly audit   'run-parallel': [ '1.2.0' ],
84 silly audit   scheduler: [ '0.27.0' ],
84 silly audit   semver: [ '6.3.1' ],
84 silly audit   'source-map-js': [ '1.2.1' ],
84 silly audit   sucrase: [ '3.35.1' ],
84 silly audit   'supports-preserve-symlinks-flag': [ '1.0.0' ],
84 silly audit   tailwindcss: [ '3.4.19' ],
84 silly audit   thenify: [ '3.3.1' ],
84 silly audit   'thenify-all': [ '1.6.0' ],
84 silly audit   tinyglobby: [ '0.2.17' ],
84 silly audit   fdir: [ '6.5.0' ],
84 silly audit   'to-regex-range': [ '5.0.1' ],
84 silly audit   'ts-interface-checker': [ '0.1.13' ],
84 silly audit   typescript: [ '5.9.3' ],
84 silly audit   'update-browserslist-db': [ '1.2.3' ],
84 silly audit   'util-deprecate': [ '1.0.2' ],
84 silly audit   vite: [ '6.4.3' ],
84 silly audit   yallist: [ '3.1.1' ],
84 silly audit   'tesseract.js': [ '7.0.0' ],
84 silly audit   'bmp-js': [ '0.1.0' ],
84 silly audit   'idb-keyval': [ '6.2.6' ],
84 silly audit   'is-url': [ '1.2.4' ],
84 silly audit   'node-fetch': [ '2.7.0' ],
84 silly audit   'opencollective-postinstall': [ '2.0.3' ],
84 silly audit   'regenerator-runtime': [ '0.13.11' ],
84 silly audit   'tesseract.js-core': [ '7.0.0' ],
84 silly audit   'wasm-feature-detect': [ '1.8.0' ],
84 silly audit   zlibjs: [ '0.3.1' ],
84 silly audit   'whatwg-url': [ '5.0.0' ],
84 silly audit   tr46: [ '0.0.3' ],
84 silly audit   'webidl-conversions': [ '3.0.1' ]
84 silly audit }
85 http cache webidl-conversions@https://registry.npmjs.org/webidl-conversions/-/webidl-conversions-3.0.1.tgz 0ms (cache hit)
86 http cache tr46@https://registry.npmjs.org/tr46/-/tr46-0.0.3.tgz 0ms (cache hit)
87 http cache whatwg-url@https://registry.npmjs.org/whatwg-url/-/whatwg-url-5.0.0.tgz 0ms (cache hit)
88 http cache zlibjs@https://registry.npmjs.org/zlibjs/-/zlibjs-0.3.1.tgz 0ms (cache hit)
89 http cache wasm-feature-detect@https://registry.npmjs.org/wasm-feature-detect/-/wasm-feature-detect-1.8.0.tgz 0ms (cache hit)
90 http cache regenerator-runtime@https://registry.npmjs.org/regenerator-runtime/-/regenerator-runtime-0.13.11.tgz 0ms (cache hit)
91 http cache tesseract.js-core@https://registry.npmjs.org/tesseract.js-core/-/tesseract.js-core-7.0.0.tgz 0ms (cache hit)
92 http cache opencollective-postinstall@https://registry.npmjs.org/opencollective-postinstall/-/opencollective-postinstall-2.0.3.tgz 0ms (cache hit)
93 http cache node-fetch@https://registry.npmjs.org/node-fetch/-/node-fetch-2.7.0.tgz 0ms (cache hit)
94 http cache idb-keyval@https://registry.npmjs.org/idb-keyval/-/idb-keyval-6.2.6.tgz 0ms (cache hit)
95 http cache bmp-js@https://registry.npmjs.org/bmp-js/-/bmp-js-0.1.0.tgz 0ms (cache hit)
96 silly tarball no local data for webidl-conversions@https://registry.npmjs.org/webidl-conversions/-/webidl-conversions-3.0.1.tgz. Extracting by manifest.
97 http cache tesseract.js@https://registry.npmjs.org/tesseract.js/-/tesseract.js-7.0.0.tgz 0ms (cache hit)
98 silly tarball no local data for tr46@https://registry.npmjs.org/tr46/-/tr46-0.0.3.tgz. Extracting by manifest.
99 silly tarball no local data for whatwg-url@https://registry.npmjs.org/whatwg-url/-/whatwg-url-5.0.0.tgz. Extracting by manifest.
100 silly tarball no local data for zlibjs@https://registry.npmjs.org/zlibjs/-/zlibjs-0.3.1.tgz. Extracting by manifest.
101 silly tarball no local data for wasm-feature-detect@https://registry.npmjs.org/wasm-feature-detect/-/wasm-feature-detect-1.8.0.tgz. Extracting by manifest.
102 silly tarball no local data for regenerator-runtime@https://registry.npmjs.org/regenerator-runtime/-/regenerator-runtime-0.13.11.tgz. Extracting by manifest.
103 silly tarball no local data for tesseract.js-core@https://registry.npmjs.org/tesseract.js-core/-/tesseract.js-core-7.0.0.tgz. Extracting by manifest.
104 silly tarball no local data for opencollective-postinstall@https://registry.npmjs.org/opencollective-postinstall/-/opencollective-postinstall-2.0.3.tgz. Extracting by manifest.
105 silly tarball no local data for node-fetch@https://registry.npmjs.org/node-fetch/-/node-fetch-2.7.0.tgz. Extracting by manifest.
106 http cache is-url@https://registry.npmjs.org/is-url/-/is-url-1.2.4.tgz 0ms (cache hit)
107 silly tarball no local data for idb-keyval@https://registry.npmjs.org/idb-keyval/-/idb-keyval-6.2.6.tgz. Extracting by manifest.
108 silly tarball no local data for bmp-js@https://registry.npmjs.org/bmp-js/-/bmp-js-0.1.0.tgz. Extracting by manifest.
109 silly tarball no local data for tesseract.js@https://registry.npmjs.org/tesseract.js/-/tesseract.js-7.0.0.tgz. Extracting by manifest.
110 silly tarball no local data for is-url@https://registry.npmjs.org/is-url/-/is-url-1.2.4.tgz. Extracting by manifest.
111 http fetch GET 200 https://registry.npmjs.org/regenerator-runtime/-/regenerator-runtime-0.13.11.tgz 299ms (cache miss)
112 http fetch GET 200 https://registry.npmjs.org/whatwg-url/-/whatwg-url-5.0.0.tgz 418ms (cache miss)
113 http fetch GET 200 https://registry.npmjs.org/opencollective-postinstall/-/opencollective-postinstall-2.0.3.tgz 540ms (cache miss)
114 http fetch GET 200 https://registry.npmjs.org/webidl-conversions/-/webidl-conversions-3.0.1.tgz 605ms (cache miss)
115 http fetch POST 200 https://registry.npmjs.org/-/npm/v1/security/advisories/bulk 654ms
116 silly audit report {}
117 http fetch GET 200 https://registry.npmjs.org/tr46/-/tr46-0.0.3.tgz 645ms (cache miss)
118 http fetch GET 200 https://registry.npmjs.org/wasm-feature-detect/-/wasm-feature-detect-1.8.0.tgz 657ms (cache miss)
119 http fetch GET 200 https://registry.npmjs.org/idb-keyval/-/idb-keyval-6.2.6.tgz 945ms (cache miss)
120 http fetch GET 200 https://registry.npmjs.org/node-fetch/-/node-fetch-2.7.0.tgz 1175ms (cache miss)
121 http fetch GET 200 https://registry.npmjs.org/is-url/-/is-url-1.2.4.tgz 1190ms (cache miss)
122 http fetch GET 200 https://registry.npmjs.org/bmp-js/-/bmp-js-0.1.0.tgz 1256ms (cache miss)
123 http fetch GET 200 https://registry.npmjs.org/tesseract.js/-/tesseract.js-7.0.0.tgz 1910ms (cache miss)
124 http fetch GET 200 https://registry.npmjs.org/zlibjs/-/zlibjs-0.3.1.tgz 3074ms (cache miss)
125 http fetch GET 200 https://registry.npmjs.org/tesseract.js-core/-/tesseract.js-core-7.0.0.tgz 17496ms (cache miss)
126 info run tesseract.js@7.0.0 postinstall node_modules/tesseract.js opencollective-postinstall || true
127 info run tesseract.js@7.0.0 postinstall { code: 0, signal: null }
128 silly ADD node_modules/webidl-conversions
129 silly ADD node_modules/tr46
130 silly ADD node_modules/whatwg-url
131 silly ADD node_modules/zlibjs
132 silly ADD node_modules/wasm-feature-detect
133 silly ADD node_modules/tesseract.js-core
134 silly ADD node_modules/regenerator-runtime
135 silly ADD node_modules/opencollective-postinstall
136 silly ADD node_modules/node-fetch
137 silly ADD node_modules/is-url
138 silly ADD node_modules/idb-keyval
139 silly ADD node_modules/bmp-js
140 silly ADD node_modules/tesseract.js
141 verbose cwd C:\Users\l7294\Documents\记账
142 verbose os Windows_NT 10.0.26200
143 verbose node v24.16.0
144 verbose npm  v11.13.0
145 verbose exit 0
146 info ok
