0 verbose cli C:\Program Files\nodejs\node.exe C:\Program Files\nodejs\node_modules\npm\bin\npm-cli.js
1 info using npm@11.13.0
2 info using node@v24.16.0
3 silly config load:file:C:\Program Files\nodejs\node_modules\npm\npmrc
4 silly config load:file:C:\Users\l7294\Documents\记账\.npmrc
5 silly config load:file:C:\Users\l7294\.npmrc
6 silly config load:file:C:\Users\l7294\AppData\Roaming\npm\etc\npmrc
7 verbose title npm install resend
8 verbose argv "install" "resend" "--save" "--cache" ".\\.npm-cache"
9 verbose logfile logs-max:10 dir:C:\Users\l7294\Documents\记账\.npm-cache\_logs\2026-07-02T01_59_30_107Z-
10 verbose logfile C:\Users\l7294\Documents\记账\.npm-cache\_logs\2026-07-02T01_59_30_107Z-debug-0.log
11 silly logfile done cleaning log files
12 silly packumentCache heap:4496293888 maxSize:1124073472 maxEntrySize:562036736
13 silly idealTree buildDeps
14 silly fetch manifest resend@*
15 silly packumentCache full:https://registry.npmjs.org/resend cache-miss
16 http fetch GET 200 https://registry.npmjs.org/resend 359ms (cache miss)
17 silly packumentCache full:https://registry.npmjs.org/resend set size:undefined disposed:false
18 silly fetch manifest @react-email/render@*
19 silly packumentCache full:https://registry.npmjs.org/@react-email%2frender cache-miss
20 http fetch GET 200 https://registry.npmjs.org/@react-email%2frender 558ms (cache miss)
21 silly packumentCache full:https://registry.npmjs.org/@react-email%2frender set size:undefined disposed:false
22 silly fetch manifest react@^19.0.0
23 silly packumentCache full:https://registry.npmjs.org/react cache-miss
24 http fetch GET 200 https://registry.npmjs.org/react 2320ms (cache updated)
25 silly packumentCache full:https://registry.npmjs.org/react set size:undefined disposed:false
26 silly fetch manifest react-dom@^19.0.0
27 silly packumentCache full:https://registry.npmjs.org/react-dom cache-miss
28 http fetch GET 200 https://registry.npmjs.org/react-dom 1114ms (cache updated)
29 silly packumentCache full:https://registry.npmjs.org/react-dom set size:undefined disposed:false
30 silly placeDep ROOT resend@6.16.0 OK for: minimal-expense-app@0.1.0 want: *
31 silly fetch manifest postal-mime@2.7.4
32 silly packumentCache full:https://registry.npmjs.org/postal-mime cache-miss
33 silly fetch manifest standardwebhooks@1.0.0
34 silly packumentCache full:https://registry.npmjs.org/standardwebhooks cache-miss
35 http fetch GET 200 https://registry.npmjs.org/standardwebhooks 94ms (cache miss)
36 silly packumentCache full:https://registry.npmjs.org/standardwebhooks set size:undefined disposed:false
37 http fetch GET 200 https://registry.npmjs.org/postal-mime 182ms (cache miss)
38 silly packumentCache full:https://registry.npmjs.org/postal-mime set size:undefined disposed:false
39 silly placeDep ROOT postal-mime@2.7.4 OK for: resend@6.16.0 want: 2.7.4
40 silly placeDep ROOT standardwebhooks@1.0.0 OK for: resend@6.16.0 want: 1.0.0
41 silly fetch manifest @stablelib/base64@^1.0.0
42 silly packumentCache full:https://registry.npmjs.org/@stablelib%2fbase64 cache-miss
43 silly fetch manifest fast-sha256@^1.3.0
44 silly packumentCache full:https://registry.npmjs.org/fast-sha256 cache-miss
45 http fetch GET 200 https://registry.npmjs.org/@stablelib%2fbase64 46ms (cache miss)
46 silly packumentCache full:https://registry.npmjs.org/@stablelib%2fbase64 set size:undefined disposed:false
47 http fetch GET 200 https://registry.npmjs.org/fast-sha256 51ms (cache miss)
48 silly packumentCache full:https://registry.npmjs.org/fast-sha256 set size:undefined disposed:false
49 silly placeDep ROOT @stablelib/base64@1.0.1 OK for: standardwebhooks@1.0.0 want: ^1.0.0
50 silly placeDep ROOT fast-sha256@1.3.0 OK for: standardwebhooks@1.0.0 want: ^1.3.0
51 silly reify moves {}
52 silly audit bulk request {
52 silly audit   '@alloc/quick-lru': [ '5.2.0' ],
52 silly audit   '@apideck/better-ajv-errors': [ '0.3.7' ],
52 silly audit   '@asamuzakjp/css-color': [ '5.1.11' ],
52 silly audit   '@asamuzakjp/dom-selector': [ '7.1.1' ],
52 silly audit   '@asamuzakjp/generational-cache': [ '1.0.1' ],
52 silly audit   '@asamuzakjp/nwsapi': [ '2.3.9' ],
52 silly audit   '@babel/code-frame': [ '7.29.7' ],
52 silly audit   '@babel/compat-data': [ '7.29.7' ],
52 silly audit   '@babel/core': [ '7.29.7' ],
52 silly audit   '@babel/generator': [ '7.29.7' ],
52 silly audit   '@babel/helper-annotate-as-pure': [ '7.29.7' ],
52 silly audit   '@babel/helper-compilation-targets': [ '7.29.7' ],
52 silly audit   '@babel/helper-create-class-features-plugin': [ '7.29.7' ],
52 silly audit   '@babel/helper-create-regexp-features-plugin': [ '7.29.7' ],
52 silly audit   '@babel/helper-define-polyfill-provider': [ '0.6.8' ],
52 silly audit   '@babel/helper-globals': [ '7.29.7' ],
52 silly audit   '@babel/helper-member-expression-to-functions': [ '7.29.7' ],
52 silly audit   '@babel/helper-module-imports': [ '7.29.7' ],
52 silly audit   '@babel/helper-module-transforms': [ '7.29.7' ],
52 silly audit   '@babel/helper-optimise-call-expression': [ '7.29.7' ],
52 silly audit   '@babel/helper-plugin-utils': [ '7.29.7' ],
52 silly audit   '@babel/helper-remap-async-to-generator': [ '7.29.7' ],
52 silly audit   '@babel/helper-replace-supers': [ '7.29.7' ],
52 silly audit   '@babel/helper-skip-transparent-expression-wrappers': [ '7.29.7' ],
52 silly audit   '@babel/helper-string-parser': [ '7.29.7' ],
52 silly audit   '@babel/helper-validator-identifier': [ '7.29.7' ],
52 silly audit   '@babel/helper-validator-option': [ '7.29.7' ],
52 silly audit   '@babel/helper-wrap-function': [ '7.29.7' ],
52 silly audit   '@babel/helpers': [ '7.29.7' ],
52 silly audit   '@babel/parser': [ '7.29.7' ],
52 silly audit   '@babel/plugin-bugfix-firefox-class-in-computed-class-key': [ '7.29.7' ],
52 silly audit   '@babel/plugin-bugfix-safari-class-field-initializer-scope': [ '7.29.7' ],
52 silly audit   '@babel/plugin-bugfix-safari-id-destructuring-collision-in-function-expression': [ '7.29.7' ],
52 silly audit   '@babel/plugin-bugfix-safari-rest-destructuring-rhs-array': [ '7.29.7' ],
52 silly audit   '@babel/plugin-bugfix-v8-spread-parameters-in-optional-chaining': [ '7.29.7' ],
52 silly audit   '@babel/plugin-bugfix-v8-static-class-fields-redefine-readonly': [ '7.29.7' ],
52 silly audit   '@babel/plugin-proposal-private-property-in-object': [ '7.21.0-placeholder-for-preset-env.2' ],
52 silly audit   '@babel/plugin-syntax-import-assertions': [ '7.29.7' ],
52 silly audit   '@babel/plugin-syntax-import-attributes': [ '7.29.7' ],
52 silly audit   '@babel/plugin-syntax-unicode-sets-regex': [ '7.18.6' ],
52 silly audit   '@babel/plugin-transform-arrow-functions': [ '7.29.7' ],
52 silly audit   '@babel/plugin-transform-async-generator-functions': [ '7.29.7' ],
52 silly audit   '@babel/plugin-transform-async-to-generator': [ '7.29.7' ],
52 silly audit   '@babel/plugin-transform-block-scoped-functions': [ '7.29.7' ],
52 silly audit   '@babel/plugin-transform-block-scoping': [ '7.29.7' ],
52 silly audit   '@babel/plugin-transform-class-properties': [ '7.29.7' ],
52 silly audit   '@babel/plugin-transform-class-static-block': [ '7.29.7' ],
52 silly audit   '@babel/plugin-transform-classes': [ '7.29.7' ],
52 silly audit   '@babel/plugin-transform-computed-properties': [ '7.29.7' ],
52 silly audit   '@babel/plugin-transform-destructuring': [ '7.29.7' ],
52 silly audit   '@babel/plugin-transform-dotall-regex': [ '7.29.7' ],
52 silly audit   '@babel/plugin-transform-duplicate-keys': [ '7.29.7' ],
52 silly audit   '@babel/plugin-transform-duplicate-named-capturing-groups-regex': [ '7.29.7' ],
52 silly audit   '@babel/plugin-transform-dynamic-import': [ '7.29.7' ],
52 silly audit   '@babel/plugin-transform-explicit-resource-management': [ '7.29.7' ],
52 silly audit   '@babel/plugin-transform-exponentiation-operator': [ '7.29.7' ],
52 silly audit   '@babel/plugin-transform-export-namespace-from': [ '7.29.7' ],
52 silly audit   '@babel/plugin-transform-for-of': [ '7.29.7' ],
52 silly audit   '@babel/plugin-transform-function-name': [ '7.29.7' ],
52 silly audit   '@babel/plugin-transform-json-strings': [ '7.29.7' ],
52 silly audit   '@babel/plugin-transform-literals': [ '7.29.7' ],
52 silly audit   '@babel/plugin-transform-logical-assignment-operators': [ '7.29.7' ],
52 silly audit   '@babel/plugin-transform-member-expression-literals': [ '7.29.7' ],
52 silly audit   '@babel/plugin-transform-modules-amd': [ '7.29.7' ],
52 silly audit   '@babel/plugin-transform-modules-commonjs': [ '7.29.7' ],
52 silly audit   '@babel/plugin-transform-modules-systemjs': [ '7.29.7' ],
52 silly audit   '@babel/plugin-transform-modules-umd': [ '7.29.7' ],
52 silly audit   '@babel/plugin-transform-named-capturing-groups-regex': [ '7.29.7' ],
52 silly audit   '@babel/plugin-transform-new-target': [ '7.29.7' ],
52 silly audit   '@babel/plugin-transform-nullish-coalescing-operator': [ '7.29.7' ],
52 silly audit   '@babel/plugin-transform-numeric-separator': [ '7.29.7' ],
52 silly audit   '@babel/plugin-transform-object-rest-spread': [ '7.29.7' ],
52 silly audit   '@babel/plugin-transform-object-super': [ '7.29.7' ],
52 silly audit   '@babel/plugin-transform-optional-catch-binding': [ '7.29.7' ],
52 silly audit   '@babel/plugin-transform-optional-chaining': [ '7.29.7' ],
52 silly audit   '@babel/plugin-transform-parameters': [ '7.29.7' ],
52 silly audit   '@babel/plugin-transform-private-methods': [ '7.29.7' ],
52 silly audit   '@babel/plugin-transform-private-property-in-object': [ '7.29.7' ],
52 silly audit   '@babel/plugin-transform-property-literals': [ '7.29.7' ],
52 silly audit   '@babel/plugin-transform-react-jsx-self': [ '7.29.7' ],
52 silly audit   '@babel/plugin-transform-react-jsx-source': [ '7.29.7' ],
52 silly audit   '@babel/plugin-transform-regenerator': [ '7.29.7' ],
52 silly audit   '@babel/plugin-transform-regexp-modifiers': [ '7.29.7' ],
52 silly audit   '@babel/plugin-transform-reserved-words': [ '7.29.7' ],
52 silly audit   '@babel/plugin-transform-shorthand-properties': [ '7.29.7' ],
52 silly audit   '@babel/plugin-transform-spread': [ '7.29.7' ],
52 silly audit   '@babel/plugin-transform-sticky-regex': [ '7.29.7' ],
52 silly audit   '@babel/plugin-transform-template-literals': [ '7.29.7' ],
52 silly audit   '@babel/plugin-transform-typeof-symbol': [ '7.29.7' ],
52 silly audit   '@babel/plugin-transform-unicode-escapes': [ '7.29.7' ],
52 silly audit   '@babel/plugin-transform-unicode-property-regex': [ '7.29.7' ],
52 silly audit   '@babel/plugin-transform-unicode-regex': [ '7.29.7' ],
52 silly audit   '@babel/plugin-transform-unicode-sets-regex': [ '7.29.7' ],
52 silly audit   '@babel/preset-env': [ '7.29.7' ],
52 silly audit   '@babel/preset-modules': [ '0.1.6-no-external-plugins' ],
52 silly audit   '@babel/runtime': [ '7.29.7' ],
52 silly audit   '@babel/template': [ '7.29.7' ],
52 silly audit   '@babel/traverse': [ '7.29.7' ],
52 silly audit   '@babel/types': [ '7.29.7' ],
52 silly audit   '@bramus/specificity': [ '2.4.2' ],
52 silly audit   '@csstools/color-helpers': [ '6.1.0' ],
52 silly audit   '@csstools/css-calc': [ '3.2.1' ],
52 silly audit   '@csstools/css-color-parser': [ '4.1.9' ],
52 silly audit   '@csstools/css-parser-algorithms': [ '4.0.0' ],
52 silly audit   '@csstools/css-syntax-patches-for-csstree': [ '1.1.6' ],
52 silly audit   '@csstools/css-tokenizer': [ '4.0.0' ],
52 silly audit   '@esbuild/aix-ppc64': [ '0.25.12' ],
52 silly audit   '@esbuild/android-arm': [ '0.25.12' ],
52 silly audit   '@esbuild/android-arm64': [ '0.25.12' ],
52 silly audit   '@esbuild/android-x64': [ '0.25.12' ],
52 silly audit   '@esbuild/darwin-arm64': [ '0.25.12' ],
52 silly audit   '@esbuild/darwin-x64': [ '0.25.12' ],
52 silly audit   '@esbuild/freebsd-arm64': [ '0.25.12' ],
52 silly audit   '@esbuild/freebsd-x64': [ '0.25.12' ],
52 silly audit   '@esbuild/linux-arm': [ '0.25.12' ],
52 silly audit   '@esbuild/linux-arm64': [ '0.25.12' ],
52 silly audit   '@esbuild/linux-ia32': [ '0.25.12' ],
52 silly audit   '@esbuild/linux-loong64': [ '0.25.12' ],
52 silly audit   '@esbuild/linux-mips64el': [ '0.25.12' ],
52 silly audit   '@esbuild/linux-ppc64': [ '0.25.12' ],
52 silly audit   '@esbuild/linux-riscv64': [ '0.25.12' ],
52 silly audit   '@esbuild/linux-s390x': [ '0.25.12' ],
52 silly audit   '@esbuild/linux-x64': [ '0.25.12' ],
52 silly audit   '@esbuild/netbsd-arm64': [ '0.25.12' ],
52 silly audit   '@esbuild/netbsd-x64': [ '0.25.12' ],
52 silly audit   '@esbuild/openbsd-arm64': [ '0.25.12' ],
52 silly audit   '@esbuild/openbsd-x64': [ '0.25.12' ],
52 silly audit   '@esbuild/openharmony-arm64': [ '0.25.12' ],
52 silly audit   '@esbuild/sunos-x64': [ '0.25.12' ],
52 silly audit   '@esbuild/win32-arm64': [ '0.25.12' ],
52 silly audit   '@esbuild/win32-ia32': [ '0.25.12' ],
52 silly audit   '@esbuild/win32-x64': [ '0.25.12' ],
52 silly audit   '@exodus/bytes': [ '1.15.1' ],
52 silly audit   '@isaacs/cliui': [ '9.0.0' ],
52 silly audit   '@jridgewell/gen-mapping': [ '0.3.13' ],
52 silly audit   '@jridgewell/remapping': [ '2.3.5' ],
52 silly audit   '@jridgewell/resolve-uri': [ '3.1.2' ],
52 silly audit   '@jridgewell/source-map': [ '0.3.11' ],
52 silly audit   '@jridgewell/sourcemap-codec': [ '1.5.5' ],
52 silly audit   '@jridgewell/trace-mapping': [ '0.3.31' ],
52 silly audit   '@nodelib/fs.scandir': [ '2.1.5' ],
52 silly audit   '@nodelib/fs.stat': [ '2.0.5' ],
52 silly audit   '@nodelib/fs.walk': [ '1.2.8' ],
52 silly audit   '@rolldown/pluginutils': [ '1.0.0-beta.27' ],
52 silly audit   '@rollup/plugin-babel': [ '6.1.0' ],
52 silly audit   '@rollup/plugin-node-resolve': [ '16.0.3' ],
52 silly audit   '@rollup/plugin-replace': [ '6.0.3' ],
52 silly audit   '@rollup/plugin-terser': [ '1.0.0' ],
52 silly audit   '@rollup/pluginutils': [ '5.4.0' ],
52 silly audit   'estree-walker': [ '2.0.2', '3.0.3' ],
52 silly audit   picomatch: [ '4.0.4', '2.3.2' ],
52 silly audit   '@rollup/rollup-android-arm-eabi': [ '4.62.2' ],
52 silly audit   '@rollup/rollup-android-arm64': [ '4.62.2' ],
52 silly audit   '@rollup/rollup-darwin-arm64': [ '4.62.2' ],
52 silly audit   '@rollup/rollup-darwin-x64': [ '4.62.2' ],
52 silly audit   '@rollup/rollup-freebsd-arm64': [ '4.62.2' ],
52 silly audit   '@rollup/rollup-freebsd-x64': [ '4.62.2' ],
52 silly audit   '@rollup/rollup-linux-arm-gnueabihf': [ '4.62.2' ],
52 silly audit   '@rollup/rollup-linux-arm-musleabihf': [ '4.62.2' ],
52 silly audit   '@rollup/rollup-linux-arm64-gnu': [ '4.62.2' ],
52 silly audit   '@rollup/rollup-linux-arm64-musl': [ '4.62.2' ],
52 silly audit   '@rollup/rollup-linux-loong64-gnu': [ '4.62.2' ],
52 silly audit   '@rollup/rollup-linux-loong64-musl': [ '4.62.2' ],
52 silly audit   '@rollup/rollup-linux-ppc64-gnu': [ '4.62.2' ],
52 silly audit   '@rollup/rollup-linux-ppc64-musl': [ '4.62.2' ],
52 silly audit   '@rollup/rollup-linux-riscv64-gnu': [ '4.62.2' ],
52 silly audit   '@rollup/rollup-linux-riscv64-musl': [ '4.62.2' ],
52 silly audit   '@rollup/rollup-linux-s390x-gnu': [ '4.62.2' ],
52 silly audit   '@rollup/rollup-linux-x64-gnu': [ '4.62.2' ],
52 silly audit   '@rollup/rollup-linux-x64-musl': [ '4.62.2' ],
52 silly audit   '@rollup/rollup-openbsd-x64': [ '4.62.2' ],
52 silly audit   '@rollup/rollup-openharmony-arm64': [ '4.62.2' ],
52 silly audit   '@rollup/rollup-win32-arm64-msvc': [ '4.62.2' ],
52 silly audit   '@rollup/rollup-win32-ia32-msvc': [ '4.62.2' ],
52 silly audit   '@rollup/rollup-win32-x64-gnu': [ '4.62.2' ],
52 silly audit   '@rollup/rollup-win32-x64-msvc': [ '4.62.2' ],
52 silly audit   '@standard-schema/spec': [ '1.1.0' ],
52 silly audit   '@tesseract.js-data/eng': [ '1.0.0' ],
52 silly audit   '@tesseract.js-data/jpn': [ '1.0.0' ],
52 silly audit   '@trickfilm400/rollup-plugin-off-main-thread': [ '3.0.0-pre1' ],
52 silly audit   '@types/babel__core': [ '7.20.5' ],
52 silly audit   '@types/babel__generator': [ '7.27.0' ],
52 silly audit   '@types/babel__template': [ '7.4.4' ],
52 silly audit   '@types/babel__traverse': [ '7.28.0' ],
52 silly audit   '@types/chai': [ '5.2.3' ],
52 silly audit   '@types/deep-eql': [ '4.0.2' ],
52 silly audit   '@types/estree': [ '1.0.9' ],
52 silly audit   '@types/react': [ '19.2.17' ],
52 silly audit   '@types/react-dom': [ '19.2.3' ],
52 silly audit   '@types/resolve': [ '1.20.2' ],
52 silly audit   '@types/trusted-types': [ '2.0.7' ],
52 silly audit   '@vitejs/plugin-react': [ '4.7.0' ],
52 silly audit   '@vitest/expect': [ '4.1.9' ],
52 silly audit   '@vitest/mocker': [ '4.1.9' ],
52 silly audit   '@vitest/pretty-format': [ '4.1.9' ],
52 silly audit   '@vitest/runner': [ '4.1.9' ],
52 silly audit   '@vitest/snapshot': [ '4.1.9' ],
52 silly audit   '@vitest/spy': [ '4.1.9' ],
52 silly audit   '@vitest/utils': [ '4.1.9' ],
52 silly audit   acorn: [ '8.17.0' ],
52 silly audit   ajv: [ '8.20.0' ],
52 silly audit   'any-promise': [ '1.3.0' ],
52 silly audit   anymatch: [ '3.1.3' ],
52 silly audit   arg: [ '5.0.2' ],
52 silly audit   'array-buffer-byte-length': [ '1.0.2' ],
52 silly audit   'arraybuffer.prototype.slice': [ '1.0.4' ],
52 silly audit   'assertion-error': [ '2.0.1' ],
52 silly audit   async: [ '3.2.6' ],
52 silly audit   'async-function': [ '1.0.0' ],
52 silly audit   'at-least-node': [ '1.0.0' ],
52 silly audit   autoprefixer: [ '10.5.2' ],
52 silly audit   'available-typed-arrays': [ '1.0.7' ],
52 silly audit   'babel-plugin-polyfill-corejs2': [ '0.4.17' ],
52 silly audit   'babel-plugin-polyfill-corejs3': [ '0.14.2' ],
52 silly audit   'babel-plugin-polyfill-regenerator': [ '0.6.8' ],
52 silly audit   'balanced-match': [ '4.0.4', '1.0.2' ],
52 silly audit   'baseline-browser-mapping': [ '2.10.40' ],
52 silly audit   'bidi-js': [ '1.0.3' ],
52 silly audit   'binary-extensions': [ '2.3.0' ],
52 silly audit   'bmp-js': [ '0.1.0' ],
52 silly audit   'brace-expansion': [ '5.0.7', '2.1.1' ],
52 silly audit   braces: [ '3.0.3' ],
52 silly audit   browserslist: [ '4.28.4' ],
52 silly audit   'buffer-from': [ '1.1.2' ],
52 silly audit   'call-bind': [ '1.0.9' ],
52 silly audit   'call-bind-apply-helpers': [ '1.0.2' ],
52 silly audit   'call-bound': [ '1.0.4' ],
52 silly audit   'camelcase-css': [ '2.0.1' ],
52 silly audit   'caniuse-lite': [ '1.0.30001800' ],
52 silly audit   chai: [ '6.2.2' ],
52 silly audit   chokidar: [ '3.6.0' ],
52 silly audit   'glob-parent': [ '5.1.2', '6.0.2' ],
52 silly audit   commander: [ '4.1.1', '2.20.3' ],
52 silly audit   'common-tags': [ '1.8.2' ],
52 silly audit   'convert-source-map': [ '2.0.0' ],
52 silly audit   'core-js-compat': [ '3.49.0' ],
52 silly audit   'cross-spawn': [ '7.0.6' ],
52 silly audit   'crypto-random-string': [ '2.0.0' ],
52 silly audit   'css-tree': [ '3.2.1' ],
52 silly audit   cssesc: [ '3.0.0' ],
52 silly audit   csstype: [ '3.2.3' ],
52 silly audit   'data-urls': [ '7.0.0' ],
52 silly audit   tr46: [ '6.0.0', '1.0.1', '0.0.3' ],
52 silly audit   'webidl-conversions': [ '8.0.1', '4.0.2', '3.0.1' ],
52 silly audit   'whatwg-url': [ '16.0.1', '7.1.0', '5.0.0' ],
52 silly audit   'data-view-buffer': [ '1.0.2' ],
52 silly audit   'data-view-byte-length': [ '1.0.2' ],
52 silly audit   'data-view-byte-offset': [ '1.0.1' ],
52 silly audit   debug: [ '4.4.3' ],
52 silly audit   'decimal.js': [ '10.6.0' ],
52 silly audit   deepmerge: [ '4.3.1' ],
52 silly audit   'define-data-property': [ '1.1.4' ],
52 silly audit   'define-properties': [ '1.2.1' ],
52 silly audit   didyoumean: [ '1.2.2' ],
52 silly audit   dlv: [ '1.1.3' ],
52 silly audit   'dunder-proto': [ '1.0.1' ],
52 silly audit   ejs: [ '3.1.10' ],
52 silly audit   'electron-to-chromium': [ '1.5.383' ],
52 silly audit   entities: [ '8.0.0' ],
52 silly audit   'es-abstract': [ '1.24.2' ],
52 silly audit   'es-abstract-get': [ '1.0.0' ],
52 silly audit   'es-define-property': [ '1.0.1' ],
52 silly audit   'es-errors': [ '1.3.0' ],
52 silly audit   'es-module-lexer': [ '2.2.0' ],
52 silly audit   'es-object-atoms': [ '1.1.2' ],
52 silly audit   'es-set-tostringtag': [ '2.1.0' ],
52 silly audit   'es-to-primitive': [ '1.3.4' ],
52 silly audit   esbuild: [ '0.25.12' ],
52 silly audit   escalade: [ '3.2.0' ],
52 silly audit   esutils: [ '2.0.3' ],
52 silly audit   eta: [ '4.6.0' ],
52 silly audit   'expect-type': [ '1.4.0' ],
52 silly audit   'fast-deep-equal': [ '3.1.3' ],
52 silly audit   'fast-glob': [ '3.3.3' ],
52 silly audit   'fast-json-stable-stringify': [ '2.1.0' ],
52 silly audit   'fast-uri': [ '3.1.3' ],
52 silly audit   fastq: [ '1.20.1' ],
52 silly audit   filelist: [ '1.0.6' ],
52 silly audit   minimatch: [ '5.1.9', '10.2.5' ],
52 silly audit   'fill-range': [ '7.1.1' ],
52 silly audit   'for-each': [ '0.3.5' ],
52 silly audit   'foreground-child': [ '3.3.1' ],
52 silly audit   'fraction.js': [ '5.3.4' ],
52 silly audit   'fs-extra': [ '9.1.0' ],
52 silly audit   fsevents: [ '2.3.3' ],
52 silly audit   'function-bind': [ '1.1.2' ],
52 silly audit   'function.prototype.name': [ '1.2.0' ],
52 silly audit   'functions-have-names': [ '1.2.3' ],
52 silly audit   'generator-function': [ '2.0.1' ],
52 silly audit   gensync: [ '1.0.0-beta.2' ],
52 silly audit   'get-intrinsic': [ '1.3.0' ],
52 silly audit   'get-own-enumerable-property-symbols': [ '3.0.2' ],
52 silly audit   'get-proto': [ '1.0.1' ],
52 silly audit   'get-symbol-description': [ '1.1.0' ],
52 silly audit   glob: [ '11.1.0' ],
52 silly audit   globalthis: [ '1.0.4' ],
52 silly audit   gopd: [ '1.2.0' ],
52 silly audit   'graceful-fs': [ '4.2.11' ],
52 silly audit   'has-bigints': [ '1.1.0' ],
52 silly audit   'has-property-descriptors': [ '1.0.2' ],
52 silly audit   'has-proto': [ '1.2.0' ],
52 silly audit   'has-symbols': [ '1.1.0' ],
52 silly audit   'has-tostringtag': [ '1.0.2' ],
52 silly audit   hasown: [ '2.0.4' ],
52 silly audit   'html-encoding-sniffer': [ '6.0.0' ],
52 silly audit   idb: [ '7.1.1' ],
52 silly audit   'idb-keyval': [ '6.2.6' ],
52 silly audit   'internal-slot': [ '1.1.0' ],
52 silly audit   'is-array-buffer': [ '3.0.5' ],
52 silly audit   'is-async-function': [ '2.1.1' ],
52 silly audit   'is-bigint': [ '1.1.0' ],
52 silly audit   'is-binary-path': [ '2.1.0' ],
52 silly audit   'is-boolean-object': [ '1.2.2' ],
52 silly audit   'is-callable': [ '1.2.7' ],
52 silly audit   'is-core-module': [ '2.16.2' ],
52 silly audit   'is-data-view': [ '1.0.2' ],
52 silly audit   'is-date-object': [ '1.1.0' ],
52 silly audit   'is-document.all': [ '1.0.0' ],
52 silly audit   'is-extglob': [ '2.1.1' ],
52 silly audit   'is-finalizationregistry': [ '1.1.1' ],
52 silly audit   'is-generator-function': [ '1.1.2' ],
52 silly audit   'is-glob': [ '4.0.3' ],
52 silly audit   'is-map': [ '2.0.3' ],
52 silly audit   'is-module': [ '1.0.0' ],
52 silly audit   'is-negative-zero': [ '2.0.3' ],
52 silly audit   'is-number': [ '7.0.0' ],
52 silly audit   'is-number-object': [ '1.1.1' ],
52 silly audit   'is-obj': [ '1.0.1' ],
52 silly audit   'is-potential-custom-element-name': [ '1.0.1' ],
52 silly audit   'is-regex': [ '1.2.1' ],
52 silly audit   'is-regexp': [ '1.0.0' ],
52 silly audit   'is-set': [ '2.0.3' ],
52 silly audit   'is-shared-array-buffer': [ '1.0.4' ],
52 silly audit   'is-stream': [ '2.0.1' ],
52 silly audit   'is-string': [ '1.1.1' ],
52 silly audit   'is-symbol': [ '1.1.1' ],
52 silly audit   'is-typed-array': [ '1.1.15' ],
52 silly audit   'is-url': [ '1.2.4' ],
52 silly audit   'is-weakmap': [ '2.0.2' ],
52 silly audit   'is-weakref': [ '1.1.1' ],
52 silly audit   'is-weakset': [ '2.0.4' ],
52 silly audit   isarray: [ '2.0.5' ],
52 silly audit   isexe: [ '2.0.0' ],
52 silly audit   jackspeak: [ '4.2.3' ],
52 silly audit   jake: [ '10.9.4' ],
52 silly audit   jiti: [ '1.21.7' ],
52 silly audit   'js-tokens': [ '4.0.0' ],
52 silly audit   jsdom: [ '29.1.1' ],
52 silly audit   'lru-cache': [ '11.5.1', '5.1.1' ],
52 silly audit   jsesc: [ '3.1.0' ],
52 silly audit   'json-schema-traverse': [ '1.0.0' ],
52 silly audit   json5: [ '2.2.3' ],
52 silly audit   jsonfile: [ '6.2.1' ],
52 silly audit   jsonpointer: [ '5.0.1' ],
52 silly audit   leven: [ '3.1.0' ],
52 silly audit   lilconfig: [ '3.1.3' ],
52 silly audit   'lines-and-columns': [ '1.2.4' ],
52 silly audit   'lodash.debounce': [ '4.0.8' ],
52 silly audit   'lodash.sortby': [ '4.7.0' ],
52 silly audit   'magic-string': [ '0.30.21' ],
52 silly audit   'math-intrinsics': [ '1.1.0' ],
52 silly audit   'mdn-data': [ '2.27.1' ],
52 silly audit   merge2: [ '1.4.1' ],
52 silly audit   micromatch: [ '4.0.8' ],
52 silly audit   minipass: [ '7.1.3' ],
52 silly audit   ms: [ '2.1.3' ],
52 silly audit   mz: [ '2.7.0' ],
52 silly audit   nanoid: [ '3.3.15' ],
52 silly audit   'node-fetch': [ '2.7.0' ],
52 silly audit   'node-releases': [ '2.0.50' ],
52 silly audit   'normalize-path': [ '3.0.0' ],
52 silly audit   'object-assign': [ '4.1.1' ],
52 silly audit   'object-hash': [ '3.0.0' ],
52 silly audit   'object-inspect': [ '1.13.4' ],
52 silly audit   'object-keys': [ '1.1.1' ],
52 silly audit   'object.assign': [ '4.1.7' ],
52 silly audit   obug: [ '2.1.3' ],
52 silly audit   'opencollective-postinstall': [ '2.0.3' ],
52 silly audit   'own-keys': [ '1.0.1' ],
52 silly audit   'package-json-from-dist': [ '1.0.1' ],
52 silly audit   parse5: [ '8.0.1' ],
52 silly audit   'path-key': [ '3.1.1' ],
52 silly audit   'path-parse': [ '1.0.7' ],
52 silly audit   'path-scurry': [ '2.0.2' ],
52 silly audit   pathe: [ '2.0.3' ],
52 silly audit   picocolors: [ '1.1.1' ],
52 silly audit   pify: [ '2.3.0' ],
52 silly audit   pirates: [ '4.0.7' ],
52 silly audit   'possible-typed-array-names': [ '1.1.0' ],
52 silly audit   postcss: [ '8.5.16' ],
52 silly audit   'postcss-import': [ '15.1.0' ],
52 silly audit   'postcss-js': [ '4.1.0' ],
52 silly audit   'postcss-load-config': [ '6.0.1' ],
52 silly audit   'postcss-nested': [ '6.2.0' ],
52 silly audit   'postcss-selector-parser': [ '6.1.4' ],
52 silly audit   'postcss-value-parser': [ '4.2.0' ],
52 silly audit   'pretty-bytes': [ '6.1.1', '5.6.0' ],
52 silly audit   punycode: [ '2.3.1' ],
52 silly audit   'queue-microtask': [ '1.2.3' ],
52 silly audit   react: [ '19.2.7' ],
52 silly audit   'react-dom': [ '19.2.7' ],
52 silly audit   'react-refresh': [ '0.17.0' ],
52 silly audit   'read-cache': [ '1.0.0' ],
52 silly audit   readdirp: [ '3.6.0' ],
52 silly audit   'reflect.getprototypeof': [ '1.0.10' ],
52 silly audit   regenerate: [ '1.4.2' ],
52 silly audit   'regenerate-unicode-properties': [ '10.2.2' ],
52 silly audit   'regenerator-runtime': [ '0.13.11' ],
52 silly audit   'regexp.prototype.flags': [ '1.5.4' ],
52 silly audit   'regexpu-core': [ '6.4.0' ],
52 silly audit   regjsgen: [ '0.8.0' ],
52 silly audit   regjsparser: [ '0.13.2' ],
52 silly audit   'require-from-string': [ '2.0.2' ],
52 silly audit   resolve: [ '1.22.12' ],
52 silly audit   reusify: [ '1.1.0' ],
52 silly audit   rollup: [ '4.62.2' ],
52 silly audit   'run-parallel': [ '1.2.0' ],
52 silly audit   'safe-array-concat': [ '1.1.4' ],
52 silly audit   'safe-push-apply': [ '1.0.0' ],
52 silly audit   'safe-regex-test': [ '1.1.0' ],
52 silly audit   saxes: [ '6.0.0' ],
52 silly audit   scheduler: [ '0.27.0' ],
52 silly audit   semver: [ '6.3.1' ],
52 silly audit   'serialize-javascript': [ '7.0.7' ],
52 silly audit   'set-function-length': [ '1.2.2' ],
52 silly audit   'set-function-name': [ '2.0.2' ],
52 silly audit   'set-proto': [ '1.0.0' ],
52 silly audit   'shebang-command': [ '2.0.0' ],
52 silly audit   'shebang-regex': [ '3.0.0' ],
52 silly audit   'side-channel': [ '1.1.1' ],
52 silly audit   'side-channel-list': [ '1.0.1' ],
52 silly audit   'side-channel-map': [ '1.0.1' ],
52 silly audit   'side-channel-weakmap': [ '1.0.2' ],
52 silly audit   siginfo: [ '2.0.0' ],
52 silly audit   'signal-exit': [ '4.1.0' ],
52 silly audit   smob: [ '1.6.2' ],
52 silly audit   'source-map': [ '0.8.0-beta.0', '0.6.1' ],
52 silly audit   'source-map-js': [ '1.2.1' ],
52 silly audit   'source-map-support': [ '0.5.21' ],
52 silly audit   stackback: [ '0.0.2' ],
52 silly audit   'std-env': [ '4.1.0' ],
52 silly audit   'stop-iteration-iterator': [ '1.1.0' ],
52 silly audit   'string.prototype.matchall': [ '4.0.12' ],
52 silly audit   'string.prototype.trim': [ '1.2.11' ],
52 silly audit   'string.prototype.trimend': [ '1.0.10' ],
52 silly audit   'string.prototype.trimstart': [ '1.0.8' ],
52 silly audit   'stringify-object': [ '3.3.0' ],
52 silly audit   'strip-comments': [ '2.0.1' ],
52 silly audit   sucrase: [ '3.35.1' ],
52 silly audit   'supports-preserve-symlinks-flag': [ '1.0.0' ],
52 silly audit   'symbol-tree': [ '3.2.4' ],
52 silly audit   tailwindcss: [ '3.4.19' ],
52 silly audit   'temp-dir': [ '2.0.0' ],
52 silly audit   tempy: [ '0.6.0' ],
52 silly audit   terser: [ '5.48.0' ],
52 silly audit   'tesseract.js': [ '7.0.0' ],
52 silly audit   'tesseract.js-core': [ '7.0.0' ],
52 silly audit   thenify: [ '3.3.1' ],
52 silly audit   'thenify-all': [ '1.6.0' ],
52 silly audit   tinybench: [ '2.9.0' ],
52 silly audit   tinyexec: [ '1.2.4' ],
52 silly audit   tinyglobby: [ '0.2.17' ],
52 silly audit   fdir: [ '6.5.0' ],
52 silly audit   tinyrainbow: [ '3.1.0' ],
52 silly audit   tldts: [ '7.4.5' ],
52 silly audit   'tldts-core': [ '7.4.5' ],
52 silly audit   'to-regex-range': [ '5.0.1' ],
52 silly audit   'tough-cookie': [ '6.0.1' ],
52 silly audit   'ts-interface-checker': [ '0.1.13' ],
52 silly audit   'type-fest': [ '0.16.0' ],
52 silly audit   'typed-array-buffer': [ '1.0.3' ],
52 silly audit   'typed-array-byte-length': [ '1.0.3' ],
52 silly audit   'typed-array-byte-offset': [ '1.0.4' ],
52 silly audit   'typed-array-length': [ '1.0.8' ],
52 silly audit   typescript: [ '5.9.3' ],
52 silly audit   'unbox-primitive': [ '1.1.0' ],
52 silly audit   undici: [ '7.28.0' ],
52 silly audit   'unicode-canonical-property-names-ecmascript': [ '2.0.1' ],
52 silly audit   'unicode-match-property-ecmascript': [ '2.0.0' ],
52 silly audit   'unicode-match-property-value-ecmascript': [ '2.2.1' ],
52 silly audit   'unicode-property-aliases-ecmascript': [ '2.2.0' ],
52 silly audit   'unique-string': [ '2.0.0' ],
52 silly audit   universalify: [ '2.0.1' ],
52 silly audit   upath: [ '1.2.0' ],
52 silly audit   'update-browserslist-db': [ '1.2.3' ],
52 silly audit   'util-deprecate': [ '1.0.2' ],
52 silly audit   vite: [ '6.4.3' ],
52 silly audit   'vite-plugin-pwa': [ '1.3.0' ],
52 silly audit   vitest: [ '4.1.9' ],
52 silly audit   'w3c-xmlserializer': [ '5.0.0' ],
52 silly audit   'wasm-feature-detect': [ '1.8.0' ],
52 silly audit   'whatwg-mimetype': [ '5.0.0' ],
52 silly audit   which: [ '2.0.2' ],
52 silly audit   'which-boxed-primitive': [ '1.1.1' ],
52 silly audit   'which-builtin-type': [ '1.2.1' ],
52 silly audit   'which-collection': [ '1.0.2' ],
52 silly audit   'which-typed-array': [ '1.1.22' ],
52 silly audit   'why-is-node-running': [ '2.3.0' ],
52 silly audit   'workbox-background-sync': [ '7.4.1' ],
52 silly audit   'workbox-broadcast-update': [ '7.4.1' ],
52 silly audit   'workbox-build': [ '7.4.1' ],
52 silly audit   'workbox-cacheable-response': [ '7.4.1' ],
52 silly audit   'workbox-core': [ '7.4.1' ],
52 silly audit   'workbox-expiration': [ '7.4.1' ],
52 silly audit   'workbox-google-analytics': [ '7.4.1' ],
52 silly audit   'workbox-navigation-preload': [ '7.4.1' ],
52 silly audit   'workbox-precaching': [ '7.4.1' ],
52 silly audit   'workbox-range-requests': [ '7.4.1' ],
52 silly audit   'workbox-recipes': [ '7.4.1' ],
52 silly audit   'workbox-routing': [ '7.4.1' ],
52 silly audit   'workbox-strategies': [ '7.4.1' ],
52 silly audit   'workbox-streams': [ '7.4.1' ],
52 silly audit   'workbox-sw': [ '7.4.1' ],
52 silly audit   'workbox-window': [ '7.4.1' ],
52 silly audit   'xml-name-validator': [ '5.0.0' ],
52 silly audit   xmlchars: [ '2.2.0' ],
52 silly audit   yallist: [ '3.1.1' ],
52 silly audit   zlibjs: [ '0.3.1' ],
52 silly audit   resend: [ '6.16.0' ],
52 silly audit   'postal-mime': [ '2.7.4' ],
52 silly audit   standardwebhooks: [ '1.0.0' ],
52 silly audit   '@stablelib/base64': [ '1.0.1' ],
52 silly audit   'fast-sha256': [ '1.3.0' ]
52 silly audit }
53 http cache @stablelib/base64@https://registry.npmjs.org/@stablelib/base64/-/base64-1.0.1.tgz 0ms (cache hit)
54 http cache fast-sha256@https://registry.npmjs.org/fast-sha256/-/fast-sha256-1.3.0.tgz 0ms (cache hit)
55 silly tarball no local data for @stablelib/base64@https://registry.npmjs.org/@stablelib/base64/-/base64-1.0.1.tgz. Extracting by manifest.
56 http cache standardwebhooks@https://registry.npmjs.org/standardwebhooks/-/standardwebhooks-1.0.0.tgz 0ms (cache hit)
57 silly tarball no local data for fast-sha256@https://registry.npmjs.org/fast-sha256/-/fast-sha256-1.3.0.tgz. Extracting by manifest.
58 http cache postal-mime@https://registry.npmjs.org/postal-mime/-/postal-mime-2.7.4.tgz 0ms (cache hit)
59 http cache resend@https://registry.npmjs.org/resend/-/resend-6.16.0.tgz 0ms (cache hit)
60 silly tarball no local data for standardwebhooks@https://registry.npmjs.org/standardwebhooks/-/standardwebhooks-1.0.0.tgz. Extracting by manifest.
61 silly tarball no local data for postal-mime@https://registry.npmjs.org/postal-mime/-/postal-mime-2.7.4.tgz. Extracting by manifest.
62 silly tarball no local data for resend@https://registry.npmjs.org/resend/-/resend-6.16.0.tgz. Extracting by manifest.
63 http fetch POST 200 https://registry.npmjs.org/-/npm/v1/security/advisories/bulk 181ms
64 silly audit report {}
65 http fetch GET 200 https://registry.npmjs.org/@stablelib/base64/-/base64-1.0.1.tgz 182ms (cache miss)
66 http fetch GET 200 https://registry.npmjs.org/standardwebhooks/-/standardwebhooks-1.0.0.tgz 197ms (cache miss)
67 http fetch GET 200 https://registry.npmjs.org/resend/-/resend-6.16.0.tgz 327ms (cache miss)
68 http fetch GET 200 https://registry.npmjs.org/fast-sha256/-/fast-sha256-1.3.0.tgz 350ms (cache miss)
69 http fetch GET 200 https://registry.npmjs.org/postal-mime/-/postal-mime-2.7.4.tgz 511ms (cache miss)
70 silly ADD node_modules/fast-sha256
71 silly ADD node_modules/@stablelib/base64
72 silly ADD node_modules/standardwebhooks
73 silly ADD node_modules/postal-mime
74 silly ADD node_modules/resend
75 verbose cwd C:\Users\l7294\Documents\记账
76 verbose os Windows_NT 10.0.26200
77 verbose node v24.16.0
78 verbose npm  v11.13.0
79 verbose exit 0
80 info ok
