0 verbose cli C:\Program Files\nodejs\node.exe C:\Program Files\nodejs\node_modules\npm\bin\npm-cli.js
1 info using npm@11.13.0
2 info using node@v24.16.0
3 silly config load:file:C:\Program Files\nodejs\node_modules\npm\npmrc
4 silly config load:file:C:\Users\l7294\Documents\记账\.npmrc
5 silly config load:file:C:\Users\l7294\.npmrc
6 silly config load:file:C:\Users\l7294\AppData\Roaming\npm\etc\npmrc
7 verbose title npm install vitest jsdom
8 verbose argv "install" "--save-dev" "vitest" "jsdom" "--cache" ".\\.npm-cache"
9 verbose logfile logs-max:10 dir:C:\Users\l7294\Documents\记账\.npm-cache\_logs\2026-07-01T08_37_13_012Z-
10 verbose logfile C:\Users\l7294\Documents\记账\.npm-cache\_logs\2026-07-01T08_37_13_012Z-debug-0.log
11 silly logfile done cleaning log files
12 silly packumentCache heap:4496293888 maxSize:1124073472 maxEntrySize:562036736
13 silly idealTree buildDeps
14 silly fetch manifest vitest@*
15 silly packumentCache full:https://registry.npmjs.org/vitest cache-miss
16 http fetch GET 200 https://registry.npmjs.org/vitest 428ms (cache miss)
17 silly packumentCache full:https://registry.npmjs.org/vitest set size:undefined disposed:false
18 silly fetch manifest @edge-runtime/vm@*
19 silly packumentCache full:https://registry.npmjs.org/@edge-runtime%2fvm cache-miss
20 http fetch GET 200 https://registry.npmjs.org/@edge-runtime%2fvm 243ms (cache miss)
21 silly packumentCache full:https://registry.npmjs.org/@edge-runtime%2fvm set size:undefined disposed:false
22 silly fetch manifest @opentelemetry/api@^1.9.0
23 silly packumentCache full:https://registry.npmjs.org/@opentelemetry%2fapi cache-miss
24 http fetch GET 200 https://registry.npmjs.org/@opentelemetry%2fapi 139ms (cache miss)
25 silly packumentCache full:https://registry.npmjs.org/@opentelemetry%2fapi set size:undefined disposed:false
26 silly fetch manifest @types/node@^20.0.0 || ^22.0.0 || >=24.0.0
27 silly packumentCache full:https://registry.npmjs.org/@types%2fnode cache-miss
28 http fetch GET 200 https://registry.npmjs.org/@types%2fnode 71ms (cache revalidated)
29 silly packumentCache full:https://registry.npmjs.org/@types%2fnode set size:11062724 disposed:false
30 silly fetch manifest @vitest/browser-playwright@4.1.9
31 silly packumentCache full:https://registry.npmjs.org/@vitest%2fbrowser-playwright cache-miss
32 http fetch GET 200 https://registry.npmjs.org/@vitest%2fbrowser-playwright 220ms (cache miss)
33 silly packumentCache full:https://registry.npmjs.org/@vitest%2fbrowser-playwright set size:undefined disposed:false
34 silly fetch manifest playwright@*
35 silly packumentCache full:https://registry.npmjs.org/playwright cache-miss
36 http fetch GET 200 https://registry.npmjs.org/playwright 4382ms (cache miss)
37 silly packumentCache full:https://registry.npmjs.org/playwright set size:undefined disposed:false
38 silly fetch manifest @vitest/browser-preview@4.1.9
39 silly packumentCache full:https://registry.npmjs.org/@vitest%2fbrowser-preview cache-miss
40 http fetch GET 200 https://registry.npmjs.org/@vitest%2fbrowser-preview 54ms (cache miss)
41 silly packumentCache full:https://registry.npmjs.org/@vitest%2fbrowser-preview set size:undefined disposed:false
42 silly fetch manifest @vitest/browser-webdriverio@4.1.9
43 silly packumentCache full:https://registry.npmjs.org/@vitest%2fbrowser-webdriverio cache-miss
44 http fetch GET 200 https://registry.npmjs.org/@vitest%2fbrowser-webdriverio 60ms (cache miss)
45 silly packumentCache full:https://registry.npmjs.org/@vitest%2fbrowser-webdriverio set size:undefined disposed:false
46 silly fetch manifest webdriverio@*
47 silly packumentCache full:https://registry.npmjs.org/webdriverio cache-miss
48 http fetch GET 200 https://registry.npmjs.org/webdriverio 667ms (cache miss)
49 silly packumentCache full:https://registry.npmjs.org/webdriverio set size:undefined disposed:false
50 silly fetch manifest puppeteer-core@>=22.x || <=24.x
51 silly packumentCache full:https://registry.npmjs.org/puppeteer-core cache-miss
52 http fetch GET 200 https://registry.npmjs.org/puppeteer-core 300ms (cache miss)
53 silly packumentCache full:https://registry.npmjs.org/puppeteer-core set size:undefined disposed:false
54 silly fetch manifest @vitest/coverage-istanbul@4.1.9
55 silly packumentCache full:https://registry.npmjs.org/@vitest%2fcoverage-istanbul cache-miss
56 http fetch GET 200 https://registry.npmjs.org/@vitest%2fcoverage-istanbul 134ms (cache miss)
57 silly packumentCache full:https://registry.npmjs.org/@vitest%2fcoverage-istanbul set size:undefined disposed:false
58 silly fetch manifest @vitest/coverage-v8@4.1.9
59 silly packumentCache full:https://registry.npmjs.org/@vitest%2fcoverage-v8 cache-miss
60 http fetch GET 200 https://registry.npmjs.org/@vitest%2fcoverage-v8 97ms (cache miss)
61 silly packumentCache full:https://registry.npmjs.org/@vitest%2fcoverage-v8 set size:undefined disposed:false
62 silly fetch manifest @vitest/browser@4.1.9
63 silly packumentCache full:https://registry.npmjs.org/@vitest%2fbrowser cache-miss
64 http fetch GET 200 https://registry.npmjs.org/@vitest%2fbrowser 133ms (cache miss)
65 silly packumentCache full:https://registry.npmjs.org/@vitest%2fbrowser set size:undefined disposed:false
66 silly fetch manifest @vitest/ui@4.1.9
67 silly packumentCache full:https://registry.npmjs.org/@vitest%2fui cache-miss
68 http fetch GET 200 https://registry.npmjs.org/@vitest%2fui 203ms (cache miss)
69 silly packumentCache full:https://registry.npmjs.org/@vitest%2fui set size:undefined disposed:false
70 silly fetch manifest happy-dom@*
71 silly packumentCache full:https://registry.npmjs.org/happy-dom cache-miss
72 http fetch GET 200 https://registry.npmjs.org/happy-dom 316ms (cache miss)
73 silly packumentCache full:https://registry.npmjs.org/happy-dom set size:undefined disposed:false
74 silly fetch manifest jsdom@*
75 silly packumentCache full:https://registry.npmjs.org/jsdom cache-miss
76 http fetch GET 200 https://registry.npmjs.org/jsdom 176ms (cache miss)
77 silly packumentCache full:https://registry.npmjs.org/jsdom set size:undefined disposed:false
78 silly fetch manifest canvas@^3.0.0
79 silly packumentCache full:https://registry.npmjs.org/canvas cache-miss
80 http fetch GET 200 https://registry.npmjs.org/canvas 78ms (cache miss)
81 silly packumentCache full:https://registry.npmjs.org/canvas set size:undefined disposed:false
82 silly placeDep ROOT jsdom@29.1.1 OK for: minimal-expense-app@0.1.0 want: *
83 silly placeDep ROOT vitest@4.1.9 OK for: minimal-expense-app@0.1.0 want: *
84 silly fetch manifest @asamuzakjp/css-color@^5.1.11
85 silly packumentCache full:https://registry.npmjs.org/@asamuzakjp%2fcss-color cache-miss
86 silly fetch manifest @asamuzakjp/dom-selector@^7.1.1
87 silly packumentCache full:https://registry.npmjs.org/@asamuzakjp%2fdom-selector cache-miss
88 silly fetch manifest @bramus/specificity@^2.4.2
89 silly packumentCache full:https://registry.npmjs.org/@bramus%2fspecificity cache-miss
90 silly fetch manifest @csstools/css-syntax-patches-for-csstree@^1.1.3
91 silly packumentCache full:https://registry.npmjs.org/@csstools%2fcss-syntax-patches-for-csstree cache-miss
92 silly fetch manifest @exodus/bytes@^1.15.0
93 silly packumentCache full:https://registry.npmjs.org/@exodus%2fbytes cache-miss
94 silly fetch manifest css-tree@^3.2.1
95 silly packumentCache full:https://registry.npmjs.org/css-tree cache-miss
96 silly fetch manifest data-urls@^7.0.0
97 silly packumentCache full:https://registry.npmjs.org/data-urls cache-miss
98 silly fetch manifest decimal.js@^10.6.0
99 silly packumentCache full:https://registry.npmjs.org/decimal.js cache-miss
100 silly fetch manifest html-encoding-sniffer@^6.0.0
101 silly packumentCache full:https://registry.npmjs.org/html-encoding-sniffer cache-miss
102 silly fetch manifest is-potential-custom-element-name@^1.0.1
103 silly packumentCache full:https://registry.npmjs.org/is-potential-custom-element-name cache-miss
104 silly fetch manifest lru-cache@^11.3.5
105 silly packumentCache full:https://registry.npmjs.org/lru-cache cache-miss
106 http fetch GET 200 https://registry.npmjs.org/is-potential-custom-element-name 87ms (cache miss)
107 silly packumentCache full:https://registry.npmjs.org/is-potential-custom-element-name set size:undefined disposed:false
108 silly fetch manifest parse5@^8.0.1
109 silly packumentCache full:https://registry.npmjs.org/parse5 cache-miss
110 http fetch GET 200 https://registry.npmjs.org/data-urls 100ms (cache miss)
111 silly packumentCache full:https://registry.npmjs.org/data-urls set size:undefined disposed:false
112 silly fetch manifest saxes@^6.0.0
113 silly packumentCache full:https://registry.npmjs.org/saxes cache-miss
114 http fetch GET 200 https://registry.npmjs.org/decimal.js 129ms (cache miss)
115 silly packumentCache full:https://registry.npmjs.org/decimal.js set size:undefined disposed:false
116 silly fetch manifest symbol-tree@^3.2.4
117 silly packumentCache full:https://registry.npmjs.org/symbol-tree cache-miss
118 http fetch GET 200 https://registry.npmjs.org/@bramus%2fspecificity 155ms (cache miss)
119 silly packumentCache full:https://registry.npmjs.org/@bramus%2fspecificity set size:undefined disposed:false
120 silly fetch manifest tough-cookie@^6.0.1
121 silly packumentCache full:https://registry.npmjs.org/tough-cookie cache-miss
122 http fetch GET 200 https://registry.npmjs.org/@csstools%2fcss-syntax-patches-for-csstree 161ms (cache miss)
123 silly packumentCache full:https://registry.npmjs.org/@csstools%2fcss-syntax-patches-for-csstree set size:undefined disposed:false
124 silly fetch manifest undici@^7.25.0
125 silly packumentCache full:https://registry.npmjs.org/undici cache-miss
126 http fetch GET 200 https://registry.npmjs.org/lru-cache 169ms (cache revalidated)
127 silly packumentCache full:https://registry.npmjs.org/lru-cache set size:456196 disposed:false
128 silly fetch manifest w3c-xmlserializer@^5.0.0
129 silly packumentCache full:https://registry.npmjs.org/w3c-xmlserializer cache-miss
130 http fetch GET 200 https://registry.npmjs.org/css-tree 178ms (cache miss)
131 silly packumentCache full:https://registry.npmjs.org/css-tree set size:undefined disposed:false
132 silly fetch manifest webidl-conversions@^8.0.1
133 silly packumentCache full:https://registry.npmjs.org/webidl-conversions cache-miss
134 http fetch GET 200 https://registry.npmjs.org/html-encoding-sniffer 185ms (cache miss)
135 silly packumentCache full:https://registry.npmjs.org/html-encoding-sniffer set size:undefined disposed:false
136 silly fetch manifest whatwg-mimetype@^5.0.0
137 silly packumentCache full:https://registry.npmjs.org/whatwg-mimetype cache-miss
138 http cache https://registry.npmjs.org/webidl-conversions 9ms (cache hit)
139 silly packumentCache full:https://registry.npmjs.org/webidl-conversions set size:46073 disposed:false
140 silly fetch manifest whatwg-url@^16.0.1
141 silly packumentCache full:https://registry.npmjs.org/whatwg-url cache-miss
142 http cache https://registry.npmjs.org/whatwg-url 6ms (cache hit)
143 silly packumentCache full:https://registry.npmjs.org/whatwg-url set size:173624 disposed:false
144 silly fetch manifest xml-name-validator@^5.0.0
145 silly packumentCache full:https://registry.npmjs.org/xml-name-validator cache-miss
146 http fetch GET 200 https://registry.npmjs.org/parse5 149ms (cache miss)
147 silly packumentCache full:https://registry.npmjs.org/parse5 set size:undefined disposed:false
148 silly fetch manifest obug@^2.1.1
149 silly packumentCache full:https://registry.npmjs.org/obug cache-miss
150 http fetch GET 200 https://registry.npmjs.org/@exodus%2fbytes 258ms (cache miss)
151 silly packumentCache full:https://registry.npmjs.org/@exodus%2fbytes set size:undefined disposed:false
152 silly fetch manifest pathe@^2.0.3
153 silly packumentCache full:https://registry.npmjs.org/pathe cache-miss
154 http fetch GET 200 https://registry.npmjs.org/saxes 178ms (cache miss)
155 silly packumentCache full:https://registry.npmjs.org/saxes set size:undefined disposed:false
156 silly fetch manifest std-env@^4.0.0-rc.1
157 silly packumentCache full:https://registry.npmjs.org/std-env cache-miss
158 http fetch GET 200 https://registry.npmjs.org/symbol-tree 174ms (cache miss)
159 silly packumentCache full:https://registry.npmjs.org/symbol-tree set size:undefined disposed:false
160 silly fetch manifest tinyexec@^1.0.2
161 silly packumentCache full:https://registry.npmjs.org/tinyexec cache-miss
162 http fetch GET 200 https://registry.npmjs.org/@asamuzakjp%2fcss-color 325ms (cache miss)
163 silly packumentCache full:https://registry.npmjs.org/@asamuzakjp%2fcss-color set size:undefined disposed:false
164 silly fetch manifest picomatch@^4.0.3
165 silly packumentCache full:https://registry.npmjs.org/picomatch cache-miss
166 http fetch GET 200 https://registry.npmjs.org/tough-cookie 196ms (cache miss)
167 silly packumentCache full:https://registry.npmjs.org/tough-cookie set size:undefined disposed:false
168 silly fetch manifest tinybench@^2.9.0
169 silly packumentCache full:https://registry.npmjs.org/tinybench cache-miss
170 http fetch GET 200 https://registry.npmjs.org/w3c-xmlserializer 246ms (cache miss)
171 silly packumentCache full:https://registry.npmjs.org/w3c-xmlserializer set size:undefined disposed:false
172 silly fetch manifest @vitest/spy@4.1.9
173 silly packumentCache full:https://registry.npmjs.org/@vitest%2fspy cache-miss
174 http fetch GET 200 https://registry.npmjs.org/@asamuzakjp%2fdom-selector 463ms (cache miss)
175 silly packumentCache full:https://registry.npmjs.org/@asamuzakjp%2fdom-selector set size:undefined disposed:false
176 silly fetch manifest expect-type@^1.3.0
177 silly packumentCache full:https://registry.npmjs.org/expect-type cache-miss
178 http fetch GET 200 https://registry.npmjs.org/xml-name-validator 286ms (cache miss)
179 silly packumentCache full:https://registry.npmjs.org/xml-name-validator set size:undefined disposed:false
180 silly fetch manifest tinyrainbow@^3.1.0
181 silly packumentCache full:https://registry.npmjs.org/tinyrainbow cache-miss
182 http fetch GET 200 https://registry.npmjs.org/whatwg-mimetype 302ms (cache miss)
183 silly packumentCache full:https://registry.npmjs.org/whatwg-mimetype set size:undefined disposed:false
184 silly fetch manifest magic-string@^0.30.21
185 silly packumentCache full:https://registry.npmjs.org/magic-string cache-miss
186 http fetch GET 200 https://registry.npmjs.org/obug 253ms (cache miss)
187 silly packumentCache full:https://registry.npmjs.org/obug set size:undefined disposed:false
188 silly fetch manifest @vitest/utils@4.1.9
189 silly packumentCache full:https://registry.npmjs.org/@vitest%2futils cache-miss
190 http fetch GET 200 https://registry.npmjs.org/pathe 244ms (cache miss)
191 silly packumentCache full:https://registry.npmjs.org/pathe set size:undefined disposed:false
192 silly fetch manifest @vitest/expect@4.1.9
193 silly packumentCache full:https://registry.npmjs.org/@vitest%2fexpect cache-miss
194 http fetch GET 200 https://registry.npmjs.org/std-env 245ms (cache miss)
195 silly packumentCache full:https://registry.npmjs.org/std-env set size:undefined disposed:false
196 silly fetch manifest @vitest/mocker@4.1.9
197 silly packumentCache full:https://registry.npmjs.org/@vitest%2fmocker cache-miss
198 http fetch GET 200 https://registry.npmjs.org/picomatch 213ms (cache revalidated)
199 silly packumentCache full:https://registry.npmjs.org/picomatch set size:126376 disposed:false
200 silly fetch manifest @vitest/runner@4.1.9
201 silly packumentCache full:https://registry.npmjs.org/@vitest%2frunner cache-miss
202 http fetch GET 200 https://registry.npmjs.org/tinyexec 238ms (cache miss)
203 silly packumentCache full:https://registry.npmjs.org/tinyexec set size:undefined disposed:false
204 silly fetch manifest es-module-lexer@^2.0.0
205 silly packumentCache full:https://registry.npmjs.org/es-module-lexer cache-miss
206 http fetch GET 200 https://registry.npmjs.org/tinybench 252ms (cache miss)
207 silly packumentCache full:https://registry.npmjs.org/tinybench set size:undefined disposed:false
208 silly fetch manifest @vitest/snapshot@4.1.9
209 silly packumentCache full:https://registry.npmjs.org/@vitest%2fsnapshot cache-miss
210 http fetch GET 200 https://registry.npmjs.org/tinyrainbow 425ms (cache miss)
211 silly packumentCache full:https://registry.npmjs.org/tinyrainbow set size:undefined disposed:false
212 silly fetch manifest why-is-node-running@^2.3.0
213 silly packumentCache full:https://registry.npmjs.org/why-is-node-running cache-miss
214 http fetch GET 200 https://registry.npmjs.org/magic-string 534ms (cache miss)
215 silly packumentCache full:https://registry.npmjs.org/magic-string set size:undefined disposed:false
216 silly fetch manifest @vitest/pretty-format@4.1.9
217 silly packumentCache full:https://registry.npmjs.org/@vitest%2fpretty-format cache-miss
218 http fetch GET 200 https://registry.npmjs.org/expect-type 655ms (cache miss)
219 silly packumentCache full:https://registry.npmjs.org/expect-type set size:undefined disposed:false
220 http fetch GET 200 https://registry.npmjs.org/es-module-lexer 761ms (cache miss)
221 silly packumentCache full:https://registry.npmjs.org/es-module-lexer set size:undefined disposed:false
222 http fetch GET 200 https://registry.npmjs.org/@vitest%2fsnapshot 778ms (cache miss)
223 silly packumentCache full:https://registry.npmjs.org/@vitest%2fsnapshot set size:undefined disposed:false
224 http fetch GET 200 https://registry.npmjs.org/undici 1241ms (cache miss)
225 silly packumentCache full:https://registry.npmjs.org/undici set size:undefined disposed:false
226 http fetch GET 200 https://registry.npmjs.org/@vitest%2fspy 1615ms (cache miss)
227 silly packumentCache full:https://registry.npmjs.org/@vitest%2fspy set size:undefined disposed:false
228 http fetch GET 200 https://registry.npmjs.org/@vitest%2fexpect 1544ms (cache miss)
229 silly packumentCache full:https://registry.npmjs.org/@vitest%2fexpect set size:undefined disposed:false
230 http fetch GET 200 https://registry.npmjs.org/@vitest%2frunner 1511ms (cache miss)
231 silly packumentCache full:https://registry.npmjs.org/@vitest%2frunner set size:undefined disposed:false
232 http fetch GET 200 https://registry.npmjs.org/@vitest%2futils 1562ms (cache miss)
233 silly packumentCache full:https://registry.npmjs.org/@vitest%2futils set size:undefined disposed:false
234 http fetch GET 200 https://registry.npmjs.org/why-is-node-running 1151ms (cache miss)
235 silly packumentCache full:https://registry.npmjs.org/why-is-node-running set size:undefined disposed:false
236 http fetch GET 200 https://registry.npmjs.org/@vitest%2fpretty-format 1040ms (cache miss)
237 silly packumentCache full:https://registry.npmjs.org/@vitest%2fpretty-format set size:undefined disposed:false
238 http fetch GET 200 https://registry.npmjs.org/@vitest%2fmocker 1546ms (cache miss)
239 silly packumentCache full:https://registry.npmjs.org/@vitest%2fmocker set size:undefined disposed:false
240 silly fetch manifest @noble/hashes@^1.8.0 || ^2.0.0
241 silly packumentCache full:https://registry.npmjs.org/@noble%2fhashes cache-miss
242 http fetch GET 200 https://registry.npmjs.org/@noble%2fhashes 91ms (cache miss)
243 silly packumentCache full:https://registry.npmjs.org/@noble%2fhashes set size:undefined disposed:false
244 silly placeDep ROOT @asamuzakjp/css-color@5.1.11 OK for: jsdom@29.1.1 want: ^5.1.11
245 silly placeDep ROOT @asamuzakjp/dom-selector@7.1.1 OK for: jsdom@29.1.1 want: ^7.1.1
246 silly placeDep ROOT @bramus/specificity@2.4.2 OK for: jsdom@29.1.1 want: ^2.4.2
247 silly placeDep ROOT @csstools/css-syntax-patches-for-csstree@1.1.6 OK for: jsdom@29.1.1 want: ^1.1.3
248 silly placeDep ROOT @exodus/bytes@1.15.1 OK for: jsdom@29.1.1 want: ^1.15.0
249 silly placeDep ROOT css-tree@3.2.1 OK for: jsdom@29.1.1 want: ^3.2.1
250 silly placeDep ROOT data-urls@7.0.0 OK for: jsdom@29.1.1 want: ^7.0.0
251 silly placeDep ROOT decimal.js@10.6.0 OK for: jsdom@29.1.1 want: ^10.6.0
252 silly placeDep ROOT html-encoding-sniffer@6.0.0 OK for: jsdom@29.1.1 want: ^6.0.0
253 silly placeDep ROOT is-potential-custom-element-name@1.0.1 OK for: jsdom@29.1.1 want: ^1.0.1
254 silly placeDep node_modules/jsdom lru-cache@11.5.1 OK for: jsdom@29.1.1 want: ^11.3.5
255 silly placeDep ROOT parse5@8.0.1 OK for: jsdom@29.1.1 want: ^8.0.1
256 silly placeDep ROOT saxes@6.0.0 OK for: jsdom@29.1.1 want: ^6.0.0
257 silly placeDep ROOT symbol-tree@3.2.4 OK for: jsdom@29.1.1 want: ^3.2.4
258 silly placeDep ROOT tough-cookie@6.0.1 OK for: jsdom@29.1.1 want: ^6.0.1
259 silly placeDep ROOT undici@7.28.0 OK for: jsdom@29.1.1 want: ^7.25.0
260 silly placeDep ROOT w3c-xmlserializer@5.0.0 OK for: jsdom@29.1.1 want: ^5.0.0
261 silly placeDep node_modules/jsdom webidl-conversions@8.0.1 OK for: jsdom@29.1.1 want: ^8.0.1
262 silly placeDep ROOT whatwg-mimetype@5.0.0 OK for: jsdom@29.1.1 want: ^5.0.0
263 silly placeDep node_modules/jsdom whatwg-url@16.0.1 OK for: jsdom@29.1.1 want: ^16.0.1
264 silly placeDep ROOT xml-name-validator@5.0.0 OK for: jsdom@29.1.1 want: ^5.0.0
265 silly fetch manifest @csstools/css-calc@^3.2.0
266 silly packumentCache full:https://registry.npmjs.org/@csstools%2fcss-calc cache-miss
267 silly fetch manifest @csstools/css-tokenizer@^4.0.0
268 silly packumentCache full:https://registry.npmjs.org/@csstools%2fcss-tokenizer cache-miss
269 silly fetch manifest @csstools/css-color-parser@^4.1.0
270 silly packumentCache full:https://registry.npmjs.org/@csstools%2fcss-color-parser cache-miss
271 silly fetch manifest @asamuzakjp/generational-cache@^1.0.1
272 silly packumentCache full:https://registry.npmjs.org/@asamuzakjp%2fgenerational-cache cache-miss
273 silly fetch manifest @csstools/css-parser-algorithms@^4.0.0
274 silly packumentCache full:https://registry.npmjs.org/@csstools%2fcss-parser-algorithms cache-miss
275 silly fetch manifest bidi-js@^1.0.3
276 silly packumentCache full:https://registry.npmjs.org/bidi-js cache-miss
277 silly fetch manifest @asamuzakjp/nwsapi@^2.3.9
278 silly packumentCache full:https://registry.npmjs.org/@asamuzakjp%2fnwsapi cache-miss
279 silly fetch manifest @asamuzakjp/generational-cache@^1.0.1
280 silly packumentCache full:https://registry.npmjs.org/@asamuzakjp%2fgenerational-cache cache-miss
281 silly fetch manifest css-tree@^3.0.0
282 silly packumentCache full:https://registry.npmjs.org/css-tree cache-miss
283 silly fetch manifest mdn-data@2.27.1
284 silly packumentCache full:https://registry.npmjs.org/mdn-data cache-miss
285 silly fetch manifest whatwg-url@^16.0.0
286 silly packumentCache full:https://registry.npmjs.org/whatwg-url cache-hit
287 silly fetch manifest entities@^8.0.0
288 silly packumentCache full:https://registry.npmjs.org/entities cache-miss
289 http cache https://registry.npmjs.org/css-tree 15ms (cache hit)
290 silly packumentCache full:https://registry.npmjs.org/css-tree set size:229638 disposed:false
291 silly fetch manifest xmlchars@^2.2.0
292 silly packumentCache full:https://registry.npmjs.org/xmlchars cache-miss
293 http fetch GET 200 https://registry.npmjs.org/@csstools%2fcss-color-parser 79ms (cache miss)
294 silly packumentCache full:https://registry.npmjs.org/@csstools%2fcss-color-parser set size:undefined disposed:false
295 silly fetch manifest tldts@^7.0.5
296 silly packumentCache full:https://registry.npmjs.org/tldts cache-miss
297 http fetch GET 200 https://registry.npmjs.org/bidi-js 84ms (cache miss)
298 silly packumentCache full:https://registry.npmjs.org/bidi-js set size:undefined disposed:false
299 silly fetch manifest tr46@^6.0.0
300 silly packumentCache full:https://registry.npmjs.org/tr46 cache-miss
301 http cache https://registry.npmjs.org/tr46 5ms (cache hit)
302 silly packumentCache full:https://registry.npmjs.org/tr46 set size:47377 disposed:false
303 http fetch GET 200 https://registry.npmjs.org/mdn-data 117ms (cache miss)
304 silly packumentCache full:https://registry.npmjs.org/mdn-data set size:undefined disposed:false
305 http fetch GET 200 https://registry.npmjs.org/xmlchars 110ms (cache miss)
306 silly packumentCache full:https://registry.npmjs.org/xmlchars set size:undefined disposed:false
307 http fetch GET 200 https://registry.npmjs.org/entities 145ms (cache miss)
308 silly packumentCache full:https://registry.npmjs.org/entities set size:undefined disposed:false
309 http fetch GET 200 https://registry.npmjs.org/@asamuzakjp%2fnwsapi 164ms (cache miss)
310 silly packumentCache full:https://registry.npmjs.org/@asamuzakjp%2fnwsapi set size:undefined disposed:false
311 http fetch GET 200 https://registry.npmjs.org/@csstools%2fcss-tokenizer 233ms (cache miss)
312 silly packumentCache full:https://registry.npmjs.org/@csstools%2fcss-tokenizer set size:undefined disposed:false
313 http fetch GET 200 https://registry.npmjs.org/@csstools%2fcss-calc 244ms (cache miss)
314 silly packumentCache full:https://registry.npmjs.org/@csstools%2fcss-calc set size:undefined disposed:false
315 http fetch GET 200 https://registry.npmjs.org/@csstools%2fcss-parser-algorithms 342ms (cache miss)
316 silly packumentCache full:https://registry.npmjs.org/@csstools%2fcss-parser-algorithms set size:undefined disposed:false
317 http fetch GET 200 https://registry.npmjs.org/@asamuzakjp%2fgenerational-cache 396ms (cache miss)
318 silly packumentCache full:https://registry.npmjs.org/@asamuzakjp%2fgenerational-cache set size:undefined disposed:false
319 http fetch GET 200 https://registry.npmjs.org/@asamuzakjp%2fgenerational-cache 398ms (cache miss)
320 silly packumentCache full:https://registry.npmjs.org/@asamuzakjp%2fgenerational-cache set size:undefined disposed:false
321 http fetch GET 200 https://registry.npmjs.org/tldts 712ms (cache miss)
322 silly packumentCache full:https://registry.npmjs.org/tldts set size:undefined disposed:false
323 silly placeDep ROOT @asamuzakjp/generational-cache@1.0.1 OK for: @asamuzakjp/css-color@5.1.11 want: ^1.0.1
324 silly placeDep ROOT @csstools/css-calc@3.2.1 OK for: @asamuzakjp/css-color@5.1.11 want: ^3.2.0
325 silly placeDep ROOT @csstools/css-parser-algorithms@4.0.0 OK for: @csstools/css-calc@3.2.1 want: ^4.0.0
326 silly placeDep ROOT @csstools/css-tokenizer@4.0.0 OK for: @csstools/css-parser-algorithms@4.0.0 want: ^4.0.0
327 silly placeDep ROOT @csstools/css-color-parser@4.1.9 OK for: @asamuzakjp/css-color@5.1.11 want: ^4.1.0
328 silly fetch manifest @csstools/color-helpers@^6.1.0
329 silly packumentCache full:https://registry.npmjs.org/@csstools%2fcolor-helpers cache-miss
330 http fetch GET 200 https://registry.npmjs.org/@csstools%2fcolor-helpers 72ms (cache miss)
331 silly packumentCache full:https://registry.npmjs.org/@csstools%2fcolor-helpers set size:undefined disposed:false
332 silly placeDep ROOT @asamuzakjp/nwsapi@2.3.9 OK for: @asamuzakjp/dom-selector@7.1.1 want: ^2.3.9
333 silly placeDep ROOT bidi-js@1.0.3 OK for: @asamuzakjp/dom-selector@7.1.1 want: ^1.0.3
334 silly fetch manifest require-from-string@^2.0.2
335 silly packumentCache full:https://registry.npmjs.org/require-from-string cache-miss
336 http fetch GET 200 https://registry.npmjs.org/require-from-string 38ms (cache miss)
337 silly packumentCache full:https://registry.npmjs.org/require-from-string set size:undefined disposed:false
338 silly placeDep ROOT @csstools/color-helpers@6.1.0 OK for: @csstools/css-color-parser@4.1.9 want: ^6.1.0
339 silly placeDep ROOT require-from-string@2.0.2 OK for: bidi-js@1.0.3 want: ^2.0.2
340 silly placeDep ROOT mdn-data@2.27.1 OK for: css-tree@3.2.1 want: 2.27.1
341 silly placeDep node_modules/data-urls whatwg-url@16.0.1 OK for: data-urls@7.0.0 want: ^16.0.0
342 silly placeDep ROOT entities@8.0.0 OK for: parse5@8.0.1 want: ^8.0.0
343 silly placeDep ROOT xmlchars@2.2.0 OK for: saxes@6.0.0 want: ^2.2.0
344 silly placeDep ROOT tldts@7.4.5 OK for: tough-cookie@6.0.1 want: ^7.0.5
345 silly fetch manifest tldts-core@^7.4.5
346 silly packumentCache full:https://registry.npmjs.org/tldts-core cache-miss
347 http fetch GET 200 https://registry.npmjs.org/tldts-core 693ms (cache miss)
348 silly packumentCache full:https://registry.npmjs.org/tldts-core set size:undefined disposed:false
349 silly placeDep ROOT tldts-core@7.4.5 OK for: tldts@7.4.5 want: ^7.4.5
350 silly fetch manifest msw@^2.4.9
351 silly packumentCache full:https://registry.npmjs.org/msw cache-miss
352 http fetch GET 200 https://registry.npmjs.org/msw 215ms (cache miss)
353 silly packumentCache full:https://registry.npmjs.org/msw set size:undefined disposed:false
354 silly fetch manifest typescript@>= 4.8.x
355 silly packumentCache full:https://registry.npmjs.org/typescript cache-miss
356 http fetch GET 200 https://registry.npmjs.org/typescript 67ms (cache revalidated)
357 silly packumentCache full:https://registry.npmjs.org/typescript set size:15410956 disposed:false
358 silly fetch manifest vite@^6.0.0 || ^7.0.0 || ^8.0.0
359 silly packumentCache full:https://registry.npmjs.org/vite cache-miss
360 http fetch GET 200 https://registry.npmjs.org/vite 128ms (cache revalidated)
361 silly packumentCache full:https://registry.npmjs.org/vite set size:38891641 disposed:false
362 silly fetch manifest @vitejs/devtools@^0.3.0
363 silly packumentCache full:https://registry.npmjs.org/@vitejs%2fdevtools cache-miss
364 http fetch GET 200 https://registry.npmjs.org/@vitejs%2fdevtools 94ms (cache miss)
365 silly packumentCache full:https://registry.npmjs.org/@vitejs%2fdevtools set size:undefined disposed:false
366 silly fetch manifest esbuild@^0.27.0 || ^0.28.0
367 silly packumentCache full:https://registry.npmjs.org/esbuild cache-miss
368 http fetch GET 200 https://registry.npmjs.org/esbuild 59ms (cache revalidated)
369 silly packumentCache full:https://registry.npmjs.org/esbuild set size:1259608 disposed:false
370 silly fetch manifest jiti@>=1.21.0
371 silly packumentCache full:https://registry.npmjs.org/jiti cache-miss
372 http fetch GET 200 https://registry.npmjs.org/jiti 121ms (cache revalidated)
373 silly packumentCache full:https://registry.npmjs.org/jiti set size:387989 disposed:false
374 silly fetch manifest less@^4.0.0
375 silly packumentCache full:https://registry.npmjs.org/less cache-miss
376 http fetch GET 200 https://registry.npmjs.org/less 36ms (cache revalidated)
377 silly packumentCache full:https://registry.npmjs.org/less set size:476819 disposed:false
378 silly fetch manifest sass@^1.70.0
379 silly packumentCache full:https://registry.npmjs.org/sass cache-miss
380 http fetch GET 200 https://registry.npmjs.org/sass 28ms (cache revalidated)
381 silly packumentCache full:https://registry.npmjs.org/sass set size:730445 disposed:false
382 silly fetch manifest sass-embedded@^1.70.0
383 silly packumentCache full:https://registry.npmjs.org/sass-embedded cache-miss
384 http fetch GET 200 https://registry.npmjs.org/sass-embedded 38ms (cache revalidated)
385 silly packumentCache full:https://registry.npmjs.org/sass-embedded set size:419718 disposed:false
386 silly fetch manifest stylus@>=0.54.8
387 silly packumentCache full:https://registry.npmjs.org/stylus cache-miss
388 http fetch GET 200 https://registry.npmjs.org/stylus 29ms (cache revalidated)
389 silly packumentCache full:https://registry.npmjs.org/stylus set size:286766 disposed:false
390 silly fetch manifest sugarss@^5.0.0
391 silly packumentCache full:https://registry.npmjs.org/sugarss cache-miss
392 http fetch GET 200 https://registry.npmjs.org/sugarss 33ms (cache revalidated)
393 silly packumentCache full:https://registry.npmjs.org/sugarss set size:44975 disposed:false
394 silly fetch manifest postcss@^8.3.3
395 silly packumentCache full:https://registry.npmjs.org/postcss cache-miss
396 http fetch GET 200 https://registry.npmjs.org/postcss 34ms (cache revalidated)
397 silly packumentCache full:https://registry.npmjs.org/postcss set size:726591 disposed:false
398 silly fetch manifest terser@^5.16.0
399 silly packumentCache full:https://registry.npmjs.org/terser cache-miss
400 http fetch GET 200 https://registry.npmjs.org/terser 28ms (cache revalidated)
401 silly packumentCache full:https://registry.npmjs.org/terser set size:803566 disposed:false
402 silly fetch manifest tsx@^4.8.1
403 silly packumentCache full:https://registry.npmjs.org/tsx cache-miss
404 http fetch GET 200 https://registry.npmjs.org/tsx 29ms (cache revalidated)
405 silly packumentCache full:https://registry.npmjs.org/tsx set size:304668 disposed:false
406 silly fetch manifest yaml@^2.4.2
407 silly packumentCache full:https://registry.npmjs.org/yaml cache-miss
408 http fetch GET 200 https://registry.npmjs.org/yaml 32ms (cache revalidated)
409 silly packumentCache full:https://registry.npmjs.org/yaml set size:385754 disposed:false
410 silly placeDep ROOT @vitest/expect@4.1.9 OK for: vitest@4.1.9 want: 4.1.9
411 silly placeDep ROOT @vitest/mocker@4.1.9 OK for: vitest@4.1.9 want: 4.1.9
412 silly placeDep ROOT @vitest/pretty-format@4.1.9 OK for: vitest@4.1.9 want: 4.1.9
413 silly placeDep ROOT @vitest/runner@4.1.9 OK for: vitest@4.1.9 want: 4.1.9
414 silly placeDep ROOT @vitest/snapshot@4.1.9 OK for: vitest@4.1.9 want: 4.1.9
415 silly placeDep ROOT @vitest/spy@4.1.9 OK for: vitest@4.1.9 want: 4.1.9
416 silly placeDep ROOT @vitest/utils@4.1.9 OK for: vitest@4.1.9 want: 4.1.9
417 silly placeDep ROOT es-module-lexer@2.2.0 OK for: vitest@4.1.9 want: ^2.0.0
418 silly placeDep ROOT expect-type@1.4.0 OK for: vitest@4.1.9 want: ^1.3.0
419 silly placeDep ROOT magic-string@0.30.21 OK for: vitest@4.1.9 want: ^0.30.21
420 silly placeDep ROOT obug@2.1.3 OK for: vitest@4.1.9 want: ^2.1.1
421 silly placeDep ROOT pathe@2.0.3 OK for: vitest@4.1.9 want: ^2.0.3
422 silly placeDep node_modules/vitest picomatch@4.0.4 OK for: vitest@4.1.9 want: ^4.0.3
423 silly placeDep ROOT std-env@4.1.0 OK for: vitest@4.1.9 want: ^4.0.0-rc.1
424 silly placeDep ROOT tinybench@2.9.0 OK for: vitest@4.1.9 want: ^2.9.0
425 silly placeDep ROOT tinyexec@1.2.4 OK for: vitest@4.1.9 want: ^1.0.2
426 silly placeDep ROOT tinyrainbow@3.1.0 OK for: vitest@4.1.9 want: ^3.1.0
427 silly placeDep ROOT why-is-node-running@2.3.0 OK for: vitest@4.1.9 want: ^2.3.0
428 silly fetch manifest chai@^6.2.2
429 silly packumentCache full:https://registry.npmjs.org/chai cache-miss
430 silly fetch manifest @types/chai@^5.2.2
431 silly packumentCache full:https://registry.npmjs.org/@types%2fchai cache-miss
432 silly fetch manifest @standard-schema/spec@^1.1.0
433 silly packumentCache full:https://registry.npmjs.org/@standard-schema%2fspec cache-miss
434 silly fetch manifest estree-walker@^3.0.3
435 silly packumentCache full:https://registry.npmjs.org/estree-walker cache-miss
436 silly fetch manifest siginfo@^2.0.0
437 silly packumentCache full:https://registry.npmjs.org/siginfo cache-miss
438 silly fetch manifest stackback@0.0.2
439 silly packumentCache full:https://registry.npmjs.org/stackback cache-miss
440 http fetch GET 200 https://registry.npmjs.org/stackback 35ms (cache miss)
441 silly packumentCache full:https://registry.npmjs.org/stackback set size:undefined disposed:false
442 http fetch GET 200 https://registry.npmjs.org/chai 57ms (cache miss)
443 silly packumentCache full:https://registry.npmjs.org/chai set size:undefined disposed:false
444 http fetch GET 200 https://registry.npmjs.org/estree-walker 95ms (cache miss)
445 silly packumentCache full:https://registry.npmjs.org/estree-walker set size:undefined disposed:false
446 http fetch GET 200 https://registry.npmjs.org/@types%2fchai 97ms (cache miss)
447 silly packumentCache full:https://registry.npmjs.org/@types%2fchai set size:undefined disposed:false
448 http fetch GET 200 https://registry.npmjs.org/@standard-schema%2fspec 102ms (cache miss)
449 silly packumentCache full:https://registry.npmjs.org/@standard-schema%2fspec set size:undefined disposed:false
450 http fetch GET 200 https://registry.npmjs.org/siginfo 134ms (cache miss)
451 silly packumentCache full:https://registry.npmjs.org/siginfo set size:undefined disposed:false
452 silly placeDep ROOT @standard-schema/spec@1.1.0 OK for: @vitest/expect@4.1.9 want: ^1.1.0
453 silly placeDep ROOT @types/chai@5.2.3 OK for: @vitest/expect@4.1.9 want: ^5.2.2
454 silly placeDep ROOT chai@6.2.2 OK for: @vitest/expect@4.1.9 want: ^6.2.2
455 silly fetch manifest @types/deep-eql@*
456 silly packumentCache full:https://registry.npmjs.org/@types%2fdeep-eql cache-miss
457 silly fetch manifest assertion-error@^2.0.1
458 silly packumentCache full:https://registry.npmjs.org/assertion-error cache-miss
459 http fetch GET 200 https://registry.npmjs.org/assertion-error 37ms (cache miss)
460 silly packumentCache full:https://registry.npmjs.org/assertion-error set size:undefined disposed:false
461 http fetch GET 200 https://registry.npmjs.org/@types%2fdeep-eql 45ms (cache miss)
462 silly packumentCache full:https://registry.npmjs.org/@types%2fdeep-eql set size:undefined disposed:false
463 silly placeDep ROOT @types/deep-eql@4.0.2 OK for: @types/chai@5.2.3 want: *
464 silly placeDep ROOT assertion-error@2.0.1 OK for: @types/chai@5.2.3 want: ^2.0.1
465 silly placeDep ROOT estree-walker@3.0.3 OK for: @vitest/mocker@4.1.9 want: ^3.0.3
466 silly placeDep ROOT siginfo@2.0.0 OK for: why-is-node-running@2.3.0 want: ^2.0.0
467 silly placeDep ROOT stackback@0.0.2 OK for: why-is-node-running@2.3.0 want: 0.0.2
468 silly placeDep node_modules/data-urls tr46@6.0.0 OK for: whatwg-url@16.0.1 want: ^6.0.0
469 silly placeDep node_modules/data-urls webidl-conversions@8.0.1 OK for: whatwg-url@16.0.1 want: ^8.0.1
470 silly fetch manifest punycode@^2.3.1
471 silly packumentCache full:https://registry.npmjs.org/punycode cache-miss
472 http fetch GET 200 https://registry.npmjs.org/punycode 38ms (cache miss)
473 silly packumentCache full:https://registry.npmjs.org/punycode set size:undefined disposed:false
474 silly placeDep ROOT punycode@2.3.1 OK for: tr46@6.0.0 want: ^2.3.1
475 silly placeDep node_modules/jsdom tr46@6.0.0 OK for: whatwg-url@16.0.1 want: ^6.0.0
476 silly reify moves {}
477 silly audit bulk request {
477 silly audit   '@alloc/quick-lru': [ '5.2.0' ],
477 silly audit   '@babel/code-frame': [ '7.29.7' ],
477 silly audit   '@babel/compat-data': [ '7.29.7' ],
477 silly audit   '@babel/core': [ '7.29.7' ],
477 silly audit   '@babel/generator': [ '7.29.7' ],
477 silly audit   '@babel/helper-compilation-targets': [ '7.29.7' ],
477 silly audit   '@babel/helper-globals': [ '7.29.7' ],
477 silly audit   '@babel/helper-module-imports': [ '7.29.7' ],
477 silly audit   '@babel/helper-module-transforms': [ '7.29.7' ],
477 silly audit   '@babel/helper-plugin-utils': [ '7.29.7' ],
477 silly audit   '@babel/helper-string-parser': [ '7.29.7' ],
477 silly audit   '@babel/helper-validator-identifier': [ '7.29.7' ],
477 silly audit   '@babel/helper-validator-option': [ '7.29.7' ],
477 silly audit   '@babel/helpers': [ '7.29.7' ],
477 silly audit   '@babel/parser': [ '7.29.7' ],
477 silly audit   '@babel/plugin-transform-react-jsx-self': [ '7.29.7' ],
477 silly audit   '@babel/plugin-transform-react-jsx-source': [ '7.29.7' ],
477 silly audit   '@babel/template': [ '7.29.7' ],
477 silly audit   '@babel/traverse': [ '7.29.7' ],
477 silly audit   '@babel/types': [ '7.29.7' ],
477 silly audit   '@esbuild/aix-ppc64': [ '0.25.12' ],
477 silly audit   '@esbuild/android-arm': [ '0.25.12' ],
477 silly audit   '@esbuild/android-arm64': [ '0.25.12' ],
477 silly audit   '@esbuild/android-x64': [ '0.25.12' ],
477 silly audit   '@esbuild/darwin-arm64': [ '0.25.12' ],
477 silly audit   '@esbuild/darwin-x64': [ '0.25.12' ],
477 silly audit   '@esbuild/freebsd-arm64': [ '0.25.12' ],
477 silly audit   '@esbuild/freebsd-x64': [ '0.25.12' ],
477 silly audit   '@esbuild/linux-arm': [ '0.25.12' ],
477 silly audit   '@esbuild/linux-arm64': [ '0.25.12' ],
477 silly audit   '@esbuild/linux-ia32': [ '0.25.12' ],
477 silly audit   '@esbuild/linux-loong64': [ '0.25.12' ],
477 silly audit   '@esbuild/linux-mips64el': [ '0.25.12' ],
477 silly audit   '@esbuild/linux-ppc64': [ '0.25.12' ],
477 silly audit   '@esbuild/linux-riscv64': [ '0.25.12' ],
477 silly audit   '@esbuild/linux-s390x': [ '0.25.12' ],
477 silly audit   '@esbuild/linux-x64': [ '0.25.12' ],
477 silly audit   '@esbuild/netbsd-arm64': [ '0.25.12' ],
477 silly audit   '@esbuild/netbsd-x64': [ '0.25.12' ],
477 silly audit   '@esbuild/openbsd-arm64': [ '0.25.12' ],
477 silly audit   '@esbuild/openbsd-x64': [ '0.25.12' ],
477 silly audit   '@esbuild/openharmony-arm64': [ '0.25.12' ],
477 silly audit   '@esbuild/sunos-x64': [ '0.25.12' ],
477 silly audit   '@esbuild/win32-arm64': [ '0.25.12' ],
477 silly audit   '@esbuild/win32-ia32': [ '0.25.12' ],
477 silly audit   '@esbuild/win32-x64': [ '0.25.12' ],
477 silly audit   '@jridgewell/gen-mapping': [ '0.3.13' ],
477 silly audit   '@jridgewell/remapping': [ '2.3.5' ],
477 silly audit   '@jridgewell/resolve-uri': [ '3.1.2' ],
477 silly audit   '@jridgewell/sourcemap-codec': [ '1.5.5' ],
477 silly audit   '@jridgewell/trace-mapping': [ '0.3.31' ],
477 silly audit   '@nodelib/fs.scandir': [ '2.1.5' ],
477 silly audit   '@nodelib/fs.stat': [ '2.0.5' ],
477 silly audit   '@nodelib/fs.walk': [ '1.2.8' ],
477 silly audit   '@rolldown/pluginutils': [ '1.0.0-beta.27' ],
477 silly audit   '@rollup/rollup-android-arm-eabi': [ '4.62.2' ],
477 silly audit   '@rollup/rollup-android-arm64': [ '4.62.2' ],
477 silly audit   '@rollup/rollup-darwin-arm64': [ '4.62.2' ],
477 silly audit   '@rollup/rollup-darwin-x64': [ '4.62.2' ],
477 silly audit   '@rollup/rollup-freebsd-arm64': [ '4.62.2' ],
477 silly audit   '@rollup/rollup-freebsd-x64': [ '4.62.2' ],
477 silly audit   '@rollup/rollup-linux-arm-gnueabihf': [ '4.62.2' ],
477 silly audit   '@rollup/rollup-linux-arm-musleabihf': [ '4.62.2' ],
477 silly audit   '@rollup/rollup-linux-arm64-gnu': [ '4.62.2' ],
477 silly audit   '@rollup/rollup-linux-arm64-musl': [ '4.62.2' ],
477 silly audit   '@rollup/rollup-linux-loong64-gnu': [ '4.62.2' ],
477 silly audit   '@rollup/rollup-linux-loong64-musl': [ '4.62.2' ],
477 silly audit   '@rollup/rollup-linux-ppc64-gnu': [ '4.62.2' ],
477 silly audit   '@rollup/rollup-linux-ppc64-musl': [ '4.62.2' ],
477 silly audit   '@rollup/rollup-linux-riscv64-gnu': [ '4.62.2' ],
477 silly audit   '@rollup/rollup-linux-riscv64-musl': [ '4.62.2' ],
477 silly audit   '@rollup/rollup-linux-s390x-gnu': [ '4.62.2' ],
477 silly audit   '@rollup/rollup-linux-x64-gnu': [ '4.62.2' ],
477 silly audit   '@rollup/rollup-linux-x64-musl': [ '4.62.2' ],
477 silly audit   '@rollup/rollup-openbsd-x64': [ '4.62.2' ],
477 silly audit   '@rollup/rollup-openharmony-arm64': [ '4.62.2' ],
477 silly audit   '@rollup/rollup-win32-arm64-msvc': [ '4.62.2' ],
477 silly audit   '@rollup/rollup-win32-ia32-msvc': [ '4.62.2' ],
477 silly audit   '@rollup/rollup-win32-x64-gnu': [ '4.62.2' ],
477 silly audit   '@rollup/rollup-win32-x64-msvc': [ '4.62.2' ],
477 silly audit   '@types/babel__core': [ '7.20.5' ],
477 silly audit   '@types/babel__generator': [ '7.27.0' ],
477 silly audit   '@types/babel__template': [ '7.4.4' ],
477 silly audit   '@types/babel__traverse': [ '7.28.0' ],
477 silly audit   '@types/estree': [ '1.0.9' ],
477 silly audit   '@types/react': [ '19.2.17' ],
477 silly audit   '@types/react-dom': [ '19.2.3' ],
477 silly audit   '@vitejs/plugin-react': [ '4.7.0' ],
477 silly audit   'any-promise': [ '1.3.0' ],
477 silly audit   anymatch: [ '3.1.3' ],
477 silly audit   arg: [ '5.0.2' ],
477 silly audit   autoprefixer: [ '10.5.2' ],
477 silly audit   'baseline-browser-mapping': [ '2.10.40' ],
477 silly audit   'binary-extensions': [ '2.3.0' ],
477 silly audit   'bmp-js': [ '0.1.0' ],
477 silly audit   braces: [ '3.0.3' ],
477 silly audit   browserslist: [ '4.28.4' ],
477 silly audit   'camelcase-css': [ '2.0.1' ],
477 silly audit   'caniuse-lite': [ '1.0.30001800' ],
477 silly audit   chokidar: [ '3.6.0' ],
477 silly audit   'glob-parent': [ '5.1.2', '6.0.2' ],
477 silly audit   commander: [ '4.1.1' ],
477 silly audit   'convert-source-map': [ '2.0.0' ],
477 silly audit   cssesc: [ '3.0.0' ],
477 silly audit   csstype: [ '3.2.3' ],
477 silly audit   debug: [ '4.4.3' ],
477 silly audit   didyoumean: [ '1.2.2' ],
477 silly audit   dlv: [ '1.1.3' ],
477 silly audit   'electron-to-chromium': [ '1.5.383' ],
477 silly audit   'es-errors': [ '1.3.0' ],
477 silly audit   esbuild: [ '0.25.12' ],
477 silly audit   escalade: [ '3.2.0' ],
477 silly audit   'fast-glob': [ '3.3.3' ],
477 silly audit   fastq: [ '1.20.1' ],
477 silly audit   'fill-range': [ '7.1.1' ],
477 silly audit   'fraction.js': [ '5.3.4' ],
477 silly audit   fsevents: [ '2.3.3' ],
477 silly audit   'function-bind': [ '1.1.2' ],
477 silly audit   gensync: [ '1.0.0-beta.2' ],
477 silly audit   hasown: [ '2.0.4' ],
477 silly audit   'idb-keyval': [ '6.2.6' ],
477 silly audit   'is-binary-path': [ '2.1.0' ],
477 silly audit   'is-core-module': [ '2.16.2' ],
477 silly audit   'is-extglob': [ '2.1.1' ],
477 silly audit   'is-glob': [ '4.0.3' ],
477 silly audit   'is-number': [ '7.0.0' ],
477 silly audit   'is-url': [ '1.2.4' ],
477 silly audit   jiti: [ '1.21.7' ],
477 silly audit   'js-tokens': [ '4.0.0' ],
477 silly audit   jsesc: [ '3.1.0' ],
477 silly audit   json5: [ '2.2.3' ],
477 silly audit   lilconfig: [ '3.1.3' ],
477 silly audit   'lines-and-columns': [ '1.2.4' ],
477 silly audit   'lru-cache': [ '5.1.1', '11.5.1' ],
477 silly audit   merge2: [ '1.4.1' ],
477 silly audit   micromatch: [ '4.0.8' ],
477 silly audit   ms: [ '2.1.3' ],
477 silly audit   mz: [ '2.7.0' ],
477 silly audit   nanoid: [ '3.3.15' ],
477 silly audit   'node-fetch': [ '2.7.0' ],
477 silly audit   'node-releases': [ '2.0.50' ],
477 silly audit   'normalize-path': [ '3.0.0' ],
477 silly audit   'object-assign': [ '4.1.1' ],
477 silly audit   'object-hash': [ '3.0.0' ],
477 silly audit   'opencollective-postinstall': [ '2.0.3' ],
477 silly audit   'path-parse': [ '1.0.7' ],
477 silly audit   picocolors: [ '1.1.1' ],
477 silly audit   picomatch: [ '2.3.2', '4.0.4' ],
477 silly audit   pify: [ '2.3.0' ],
477 silly audit   pirates: [ '4.0.7' ],
477 silly audit   postcss: [ '8.5.16' ],
477 silly audit   'postcss-import': [ '15.1.0' ],
477 silly audit   'postcss-js': [ '4.1.0' ],
477 silly audit   'postcss-load-config': [ '6.0.1' ],
477 silly audit   'postcss-nested': [ '6.2.0' ],
477 silly audit   'postcss-selector-parser': [ '6.1.4' ],
477 silly audit   'postcss-value-parser': [ '4.2.0' ],
477 silly audit   'queue-microtask': [ '1.2.3' ],
477 silly audit   react: [ '19.2.7' ],
477 silly audit   'react-dom': [ '19.2.7' ],
477 silly audit   'react-refresh': [ '0.17.0' ],
477 silly audit   'read-cache': [ '1.0.0' ],
477 silly audit   readdirp: [ '3.6.0' ],
477 silly audit   'regenerator-runtime': [ '0.13.11' ],
477 silly audit   resolve: [ '1.22.12' ],
477 silly audit   reusify: [ '1.1.0' ],
477 silly audit   rollup: [ '4.62.2' ],
477 silly audit   'run-parallel': [ '1.2.0' ],
477 silly audit   scheduler: [ '0.27.0' ],
477 silly audit   semver: [ '6.3.1' ],
477 silly audit   'source-map-js': [ '1.2.1' ],
477 silly audit   sucrase: [ '3.35.1' ],
477 silly audit   'supports-preserve-symlinks-flag': [ '1.0.0' ],
477 silly audit   tailwindcss: [ '3.4.19' ],
477 silly audit   'tesseract.js': [ '7.0.0' ],
477 silly audit   'tesseract.js-core': [ '7.0.0' ],
477 silly audit   thenify: [ '3.3.1' ],
477 silly audit   'thenify-all': [ '1.6.0' ],
477 silly audit   tinyglobby: [ '0.2.17' ],
477 silly audit   fdir: [ '6.5.0' ],
477 silly audit   'to-regex-range': [ '5.0.1' ],
477 silly audit   tr46: [ '0.0.3', '6.0.0' ],
477 silly audit   'ts-interface-checker': [ '0.1.13' ],
477 silly audit   typescript: [ '5.9.3' ],
477 silly audit   'update-browserslist-db': [ '1.2.3' ],
477 silly audit   'util-deprecate': [ '1.0.2' ],
477 silly audit   vite: [ '6.4.3' ],
477 silly audit   'wasm-feature-detect': [ '1.8.0' ],
477 silly audit   'webidl-conversions': [ '3.0.1', '8.0.1' ],
477 silly audit   'whatwg-url': [ '5.0.0', '16.0.1' ],
477 silly audit   yallist: [ '3.1.1' ],
477 silly audit   zlibjs: [ '0.3.1' ],
477 silly audit   jsdom: [ '29.1.1' ],
477 silly audit   vitest: [ '4.1.9' ],
477 silly audit   '@asamuzakjp/css-color': [ '5.1.11' ],
477 silly audit   '@asamuzakjp/dom-selector': [ '7.1.1' ],
477 silly audit   '@bramus/specificity': [ '2.4.2' ],
477 silly audit   '@csstools/css-syntax-patches-for-csstree': [ '1.1.6' ],
477 silly audit   '@exodus/bytes': [ '1.15.1' ],
477 silly audit   'css-tree': [ '3.2.1' ],
477 silly audit   'data-urls': [ '7.0.0' ],
477 silly audit   'decimal.js': [ '10.6.0' ],
477 silly audit   'html-encoding-sniffer': [ '6.0.0' ],
477 silly audit   'is-potential-custom-element-name': [ '1.0.1' ],
477 silly audit   parse5: [ '8.0.1' ],
477 silly audit   saxes: [ '6.0.0' ],
477 silly audit   'symbol-tree': [ '3.2.4' ],
477 silly audit   'tough-cookie': [ '6.0.1' ],
477 silly audit   undici: [ '7.28.0' ],
477 silly audit   'w3c-xmlserializer': [ '5.0.0' ],
477 silly audit   'whatwg-mimetype': [ '5.0.0' ],
477 silly audit   'xml-name-validator': [ '5.0.0' ],
477 silly audit   '@asamuzakjp/generational-cache': [ '1.0.1' ],
477 silly audit   '@csstools/css-calc': [ '3.2.1' ],
477 silly audit   '@csstools/css-parser-algorithms': [ '4.0.0' ],
477 silly audit   '@csstools/css-tokenizer': [ '4.0.0' ],
477 silly audit   '@csstools/css-color-parser': [ '4.1.9' ],
477 silly audit   '@asamuzakjp/nwsapi': [ '2.3.9' ],
477 silly audit   'bidi-js': [ '1.0.3' ],
477 silly audit   '@csstools/color-helpers': [ '6.1.0' ],
477 silly audit   'require-from-string': [ '2.0.2' ],
477 silly audit   'mdn-data': [ '2.27.1' ],
477 silly audit   entities: [ '8.0.0' ],
477 silly audit   xmlchars: [ '2.2.0' ],
477 silly audit   tldts: [ '7.4.5' ],
477 silly audit   'tldts-core': [ '7.4.5' ],
477 silly audit   '@vitest/expect': [ '4.1.9' ],
477 silly audit   '@vitest/mocker': [ '4.1.9' ],
477 silly audit   '@vitest/pretty-format': [ '4.1.9' ],
477 silly audit   '@vitest/runner': [ '4.1.9' ],
477 silly audit   '@vitest/snapshot': [ '4.1.9' ],
477 silly audit   '@vitest/spy': [ '4.1.9' ],
477 silly audit   '@vitest/utils': [ '4.1.9' ],
477 silly audit   'es-module-lexer': [ '2.2.0' ],
477 silly audit   'expect-type': [ '1.4.0' ],
477 silly audit   'magic-string': [ '0.30.21' ],
477 silly audit   obug: [ '2.1.3' ],
477 silly audit   pathe: [ '2.0.3' ],
477 silly audit   'std-env': [ '4.1.0' ],
477 silly audit   tinybench: [ '2.9.0' ],
477 silly audit   tinyexec: [ '1.2.4' ],
477 silly audit   tinyrainbow: [ '3.1.0' ],
477 silly audit   'why-is-node-running': [ '2.3.0' ],
477 silly audit   '@standard-schema/spec': [ '1.1.0' ],
477 silly audit   '@types/chai': [ '5.2.3' ],
477 silly audit   chai: [ '6.2.2' ],
477 silly audit   '@types/deep-eql': [ '4.0.2' ],
477 silly audit   'assertion-error': [ '2.0.1' ],
477 silly audit   'estree-walker': [ '3.0.3' ],
477 silly audit   siginfo: [ '2.0.0' ],
477 silly audit   stackback: [ '0.0.2' ],
477 silly audit   punycode: [ '2.3.1' ]
477 silly audit }
478 http cache punycode@https://registry.npmjs.org/punycode/-/punycode-2.3.1.tgz 0ms (cache hit)
479 http cache stackback@https://registry.npmjs.org/stackback/-/stackback-0.0.2.tgz 0ms (cache hit)
480 http cache @types/deep-eql@https://registry.npmjs.org/@types/deep-eql/-/deep-eql-4.0.2.tgz 0ms (cache hit)
481 http cache assertion-error@https://registry.npmjs.org/assertion-error/-/assertion-error-2.0.1.tgz 0ms (cache hit)
482 http cache estree-walker@https://registry.npmjs.org/estree-walker/-/estree-walker-3.0.3.tgz 0ms (cache hit)
483 http cache @types/chai@https://registry.npmjs.org/@types/chai/-/chai-5.2.3.tgz 0ms (cache hit)
484 http cache @standard-schema/spec@https://registry.npmjs.org/@standard-schema/spec/-/spec-1.1.0.tgz 0ms (cache hit)
485 http cache why-is-node-running@https://registry.npmjs.org/why-is-node-running/-/why-is-node-running-2.3.0.tgz 0ms (cache hit)
486 http cache tinyrainbow@https://registry.npmjs.org/tinyrainbow/-/tinyrainbow-3.1.0.tgz 0ms (cache hit)
487 http cache chai@https://registry.npmjs.org/chai/-/chai-6.2.2.tgz 1ms (cache hit)
488 http cache tinyexec@https://registry.npmjs.org/tinyexec/-/tinyexec-1.2.4.tgz 0ms (cache hit)
489 http cache tinybench@https://registry.npmjs.org/tinybench/-/tinybench-2.9.0.tgz 0ms (cache hit)
490 http cache std-env@https://registry.npmjs.org/std-env/-/std-env-4.1.0.tgz 0ms (cache hit)
491 http cache pathe@https://registry.npmjs.org/pathe/-/pathe-2.0.3.tgz 0ms (cache hit)
492 http cache obug@https://registry.npmjs.org/obug/-/obug-2.1.3.tgz 0ms (cache hit)
493 http cache magic-string@https://registry.npmjs.org/magic-string/-/magic-string-0.30.21.tgz 0ms (cache hit)
494 http cache expect-type@https://registry.npmjs.org/expect-type/-/expect-type-1.4.0.tgz 0ms (cache hit)
495 http cache @vitest/utils@https://registry.npmjs.org/@vitest/utils/-/utils-4.1.9.tgz 0ms (cache hit)
496 http cache es-module-lexer@https://registry.npmjs.org/es-module-lexer/-/es-module-lexer-2.2.0.tgz 0ms (cache hit)
497 http cache @vitest/spy@https://registry.npmjs.org/@vitest/spy/-/spy-4.1.9.tgz 0ms (cache hit)
498 http cache @vitest/runner@https://registry.npmjs.org/@vitest/runner/-/runner-4.1.9.tgz 0ms (cache hit)
499 http cache @vitest/snapshot@https://registry.npmjs.org/@vitest/snapshot/-/snapshot-4.1.9.tgz 0ms (cache hit)
500 http cache @vitest/pretty-format@https://registry.npmjs.org/@vitest/pretty-format/-/pretty-format-4.1.9.tgz 0ms (cache hit)
501 http cache @vitest/mocker@https://registry.npmjs.org/@vitest/mocker/-/mocker-4.1.9.tgz 0ms (cache hit)
502 http cache tldts@https://registry.npmjs.org/tldts/-/tldts-7.4.5.tgz 0ms (cache hit)
503 http cache entities@https://registry.npmjs.org/entities/-/entities-8.0.0.tgz 0ms (cache hit)
504 http cache @vitest/expect@https://registry.npmjs.org/@vitest/expect/-/expect-4.1.9.tgz 0ms (cache hit)
505 http cache xmlchars@https://registry.npmjs.org/xmlchars/-/xmlchars-2.2.0.tgz 0ms (cache hit)
506 http cache mdn-data@https://registry.npmjs.org/mdn-data/-/mdn-data-2.27.1.tgz 1ms (cache hit)
507 http cache tldts-core@https://registry.npmjs.org/tldts-core/-/tldts-core-7.4.5.tgz 0ms (cache hit)
508 http cache @csstools/color-helpers@https://registry.npmjs.org/@csstools/color-helpers/-/color-helpers-6.1.0.tgz 0ms (cache hit)
509 http cache @csstools/css-color-parser@https://registry.npmjs.org/@csstools/css-color-parser/-/css-color-parser-4.1.9.tgz 0ms (cache hit)
510 http cache @csstools/css-tokenizer@https://registry.npmjs.org/@csstools/css-tokenizer/-/css-tokenizer-4.0.0.tgz 0ms (cache hit)
511 http cache require-from-string@https://registry.npmjs.org/require-from-string/-/require-from-string-2.0.2.tgz 0ms (cache hit)
512 http cache bidi-js@https://registry.npmjs.org/bidi-js/-/bidi-js-1.0.3.tgz 0ms (cache hit)
513 http cache @asamuzakjp/nwsapi@https://registry.npmjs.org/@asamuzakjp/nwsapi/-/nwsapi-2.3.9.tgz 0ms (cache hit)
514 http cache @csstools/css-parser-algorithms@https://registry.npmjs.org/@csstools/css-parser-algorithms/-/css-parser-algorithms-4.0.0.tgz 0ms (cache hit)
515 http cache @csstools/css-calc@https://registry.npmjs.org/@csstools/css-calc/-/css-calc-3.2.1.tgz 0ms (cache hit)
516 http cache @asamuzakjp/generational-cache@https://registry.npmjs.org/@asamuzakjp/generational-cache/-/generational-cache-1.0.1.tgz 0ms (cache hit)
517 http cache w3c-xmlserializer@https://registry.npmjs.org/w3c-xmlserializer/-/w3c-xmlserializer-5.0.0.tgz 0ms (cache hit)
518 http cache xml-name-validator@https://registry.npmjs.org/xml-name-validator/-/xml-name-validator-5.0.0.tgz 0ms (cache hit)
519 http cache whatwg-mimetype@https://registry.npmjs.org/whatwg-mimetype/-/whatwg-mimetype-5.0.0.tgz 0ms (cache hit)
520 http cache undici@https://registry.npmjs.org/undici/-/undici-7.28.0.tgz 0ms (cache hit)
521 http cache tough-cookie@https://registry.npmjs.org/tough-cookie/-/tough-cookie-6.0.1.tgz 0ms (cache hit)
522 http cache symbol-tree@https://registry.npmjs.org/symbol-tree/-/symbol-tree-3.2.4.tgz 0ms (cache hit)
523 http cache parse5@https://registry.npmjs.org/parse5/-/parse5-8.0.1.tgz 0ms (cache hit)
524 http cache saxes@https://registry.npmjs.org/saxes/-/saxes-6.0.0.tgz 0ms (cache hit)
525 http cache is-potential-custom-element-name@https://registry.npmjs.org/is-potential-custom-element-name/-/is-potential-custom-element-name-1.0.1.tgz 0ms (cache hit)
526 http cache siginfo@https://registry.npmjs.org/siginfo/-/siginfo-2.0.0.tgz 0ms (cache hit)
527 http cache html-encoding-sniffer@https://registry.npmjs.org/html-encoding-sniffer/-/html-encoding-sniffer-6.0.0.tgz 0ms (cache hit)
528 http cache decimal.js@https://registry.npmjs.org/decimal.js/-/decimal.js-10.6.0.tgz 0ms (cache hit)
529 http cache @exodus/bytes@https://registry.npmjs.org/@exodus/bytes/-/bytes-1.15.1.tgz 0ms (cache hit)
530 http cache css-tree@https://registry.npmjs.org/css-tree/-/css-tree-3.2.1.tgz 0ms (cache hit)
531 http cache @bramus/specificity@https://registry.npmjs.org/@bramus/specificity/-/specificity-2.4.2.tgz 0ms (cache hit)
532 http cache @asamuzakjp/dom-selector@https://registry.npmjs.org/@asamuzakjp/dom-selector/-/dom-selector-7.1.1.tgz 0ms (cache hit)
533 http cache @asamuzakjp/css-color@https://registry.npmjs.org/@asamuzakjp/css-color/-/css-color-5.1.11.tgz 0ms (cache hit)
534 http cache whatwg-url@https://registry.npmjs.org/whatwg-url/-/whatwg-url-16.0.1.tgz 0ms (cache hit)
535 http cache webidl-conversions@https://registry.npmjs.org/webidl-conversions/-/webidl-conversions-8.0.1.tgz 0ms (cache hit)
536 http cache picomatch@https://registry.npmjs.org/picomatch/-/picomatch-4.0.4.tgz 0ms (cache hit)
537 http cache tr46@https://registry.npmjs.org/tr46/-/tr46-6.0.0.tgz 0ms (cache hit)
538 http cache vitest@https://registry.npmjs.org/vitest/-/vitest-4.1.9.tgz 0ms (cache hit)
539 http cache whatwg-url@https://registry.npmjs.org/whatwg-url/-/whatwg-url-16.0.1.tgz 0ms (cache hit)
540 http cache jsdom@https://registry.npmjs.org/jsdom/-/jsdom-29.1.1.tgz 0ms (cache hit)
541 http cache webidl-conversions@https://registry.npmjs.org/webidl-conversions/-/webidl-conversions-8.0.1.tgz 0ms (cache hit)
542 http cache @csstools/css-syntax-patches-for-csstree@https://registry.npmjs.org/@csstools/css-syntax-patches-for-csstree/-/css-syntax-patches-for-csstree-1.1.6.tgz 0ms (cache hit)
543 http cache tr46@https://registry.npmjs.org/tr46/-/tr46-6.0.0.tgz 0ms (cache hit)
544 silly tarball no local data for punycode@https://registry.npmjs.org/punycode/-/punycode-2.3.1.tgz. Extracting by manifest.
545 silly tarball no local data for stackback@https://registry.npmjs.org/stackback/-/stackback-0.0.2.tgz. Extracting by manifest.
546 http cache data-urls@https://registry.npmjs.org/data-urls/-/data-urls-7.0.0.tgz 0ms (cache hit)
547 silly tarball no local data for @types/deep-eql@https://registry.npmjs.org/@types/deep-eql/-/deep-eql-4.0.2.tgz. Extracting by manifest.
548 silly tarball no local data for assertion-error@https://registry.npmjs.org/assertion-error/-/assertion-error-2.0.1.tgz. Extracting by manifest.
549 silly tarball no local data for estree-walker@https://registry.npmjs.org/estree-walker/-/estree-walker-3.0.3.tgz. Extracting by manifest.
550 silly tarball no local data for @types/chai@https://registry.npmjs.org/@types/chai/-/chai-5.2.3.tgz. Extracting by manifest.
551 silly tarball no local data for @standard-schema/spec@https://registry.npmjs.org/@standard-schema/spec/-/spec-1.1.0.tgz. Extracting by manifest.
552 silly tarball no local data for why-is-node-running@https://registry.npmjs.org/why-is-node-running/-/why-is-node-running-2.3.0.tgz. Extracting by manifest.
553 silly tarball no local data for tinyrainbow@https://registry.npmjs.org/tinyrainbow/-/tinyrainbow-3.1.0.tgz. Extracting by manifest.
554 silly tarball no local data for chai@https://registry.npmjs.org/chai/-/chai-6.2.2.tgz. Extracting by manifest.
555 silly tarball no local data for tinyexec@https://registry.npmjs.org/tinyexec/-/tinyexec-1.2.4.tgz. Extracting by manifest.
556 silly tarball no local data for tinybench@https://registry.npmjs.org/tinybench/-/tinybench-2.9.0.tgz. Extracting by manifest.
557 silly tarball no local data for std-env@https://registry.npmjs.org/std-env/-/std-env-4.1.0.tgz. Extracting by manifest.
558 silly tarball no local data for pathe@https://registry.npmjs.org/pathe/-/pathe-2.0.3.tgz. Extracting by manifest.
559 silly tarball no local data for obug@https://registry.npmjs.org/obug/-/obug-2.1.3.tgz. Extracting by manifest.
560 silly tarball no local data for magic-string@https://registry.npmjs.org/magic-string/-/magic-string-0.30.21.tgz. Extracting by manifest.
561 silly tarball no local data for expect-type@https://registry.npmjs.org/expect-type/-/expect-type-1.4.0.tgz. Extracting by manifest.
562 silly tarball no local data for @vitest/utils@https://registry.npmjs.org/@vitest/utils/-/utils-4.1.9.tgz. Extracting by manifest.
563 silly tarball no local data for es-module-lexer@https://registry.npmjs.org/es-module-lexer/-/es-module-lexer-2.2.0.tgz. Extracting by manifest.
564 silly tarball no local data for @vitest/spy@https://registry.npmjs.org/@vitest/spy/-/spy-4.1.9.tgz. Extracting by manifest.
565 silly tarball no local data for @vitest/runner@https://registry.npmjs.org/@vitest/runner/-/runner-4.1.9.tgz. Extracting by manifest.
566 silly tarball no local data for @vitest/snapshot@https://registry.npmjs.org/@vitest/snapshot/-/snapshot-4.1.9.tgz. Extracting by manifest.
567 silly tarball no local data for @vitest/pretty-format@https://registry.npmjs.org/@vitest/pretty-format/-/pretty-format-4.1.9.tgz. Extracting by manifest.
568 silly tarball no local data for @vitest/mocker@https://registry.npmjs.org/@vitest/mocker/-/mocker-4.1.9.tgz. Extracting by manifest.
569 silly tarball no local data for tldts@https://registry.npmjs.org/tldts/-/tldts-7.4.5.tgz. Extracting by manifest.
570 silly tarball no local data for entities@https://registry.npmjs.org/entities/-/entities-8.0.0.tgz. Extracting by manifest.
571 silly tarball no local data for @vitest/expect@https://registry.npmjs.org/@vitest/expect/-/expect-4.1.9.tgz. Extracting by manifest.
572 silly tarball no local data for xmlchars@https://registry.npmjs.org/xmlchars/-/xmlchars-2.2.0.tgz. Extracting by manifest.
573 silly tarball no local data for mdn-data@https://registry.npmjs.org/mdn-data/-/mdn-data-2.27.1.tgz. Extracting by manifest.
574 silly tarball no local data for tldts-core@https://registry.npmjs.org/tldts-core/-/tldts-core-7.4.5.tgz. Extracting by manifest.
575 silly tarball no local data for @csstools/color-helpers@https://registry.npmjs.org/@csstools/color-helpers/-/color-helpers-6.1.0.tgz. Extracting by manifest.
576 silly tarball no local data for @csstools/css-color-parser@https://registry.npmjs.org/@csstools/css-color-parser/-/css-color-parser-4.1.9.tgz. Extracting by manifest.
577 silly tarball no local data for @csstools/css-tokenizer@https://registry.npmjs.org/@csstools/css-tokenizer/-/css-tokenizer-4.0.0.tgz. Extracting by manifest.
578 silly tarball no local data for require-from-string@https://registry.npmjs.org/require-from-string/-/require-from-string-2.0.2.tgz. Extracting by manifest.
579 silly tarball no local data for bidi-js@https://registry.npmjs.org/bidi-js/-/bidi-js-1.0.3.tgz. Extracting by manifest.
580 silly tarball no local data for @asamuzakjp/nwsapi@https://registry.npmjs.org/@asamuzakjp/nwsapi/-/nwsapi-2.3.9.tgz. Extracting by manifest.
581 silly tarball no local data for @csstools/css-parser-algorithms@https://registry.npmjs.org/@csstools/css-parser-algorithms/-/css-parser-algorithms-4.0.0.tgz. Extracting by manifest.
582 silly tarball no local data for @csstools/css-calc@https://registry.npmjs.org/@csstools/css-calc/-/css-calc-3.2.1.tgz. Extracting by manifest.
583 silly tarball no local data for @asamuzakjp/generational-cache@https://registry.npmjs.org/@asamuzakjp/generational-cache/-/generational-cache-1.0.1.tgz. Extracting by manifest.
584 silly tarball no local data for w3c-xmlserializer@https://registry.npmjs.org/w3c-xmlserializer/-/w3c-xmlserializer-5.0.0.tgz. Extracting by manifest.
585 silly tarball no local data for xml-name-validator@https://registry.npmjs.org/xml-name-validator/-/xml-name-validator-5.0.0.tgz. Extracting by manifest.
586 silly tarball no local data for whatwg-mimetype@https://registry.npmjs.org/whatwg-mimetype/-/whatwg-mimetype-5.0.0.tgz. Extracting by manifest.
587 silly tarball no local data for undici@https://registry.npmjs.org/undici/-/undici-7.28.0.tgz. Extracting by manifest.
588 silly tarball no local data for tough-cookie@https://registry.npmjs.org/tough-cookie/-/tough-cookie-6.0.1.tgz. Extracting by manifest.
589 silly tarball no local data for symbol-tree@https://registry.npmjs.org/symbol-tree/-/symbol-tree-3.2.4.tgz. Extracting by manifest.
590 silly tarball no local data for parse5@https://registry.npmjs.org/parse5/-/parse5-8.0.1.tgz. Extracting by manifest.
591 silly tarball no local data for saxes@https://registry.npmjs.org/saxes/-/saxes-6.0.0.tgz. Extracting by manifest.
592 silly tarball no local data for is-potential-custom-element-name@https://registry.npmjs.org/is-potential-custom-element-name/-/is-potential-custom-element-name-1.0.1.tgz. Extracting by manifest.
593 silly tarball no local data for siginfo@https://registry.npmjs.org/siginfo/-/siginfo-2.0.0.tgz. Extracting by manifest.
594 http cache lru-cache@https://registry.npmjs.org/lru-cache/-/lru-cache-11.5.1.tgz 0ms (cache hit)
595 silly tarball no local data for html-encoding-sniffer@https://registry.npmjs.org/html-encoding-sniffer/-/html-encoding-sniffer-6.0.0.tgz. Extracting by manifest.
596 silly tarball no local data for decimal.js@https://registry.npmjs.org/decimal.js/-/decimal.js-10.6.0.tgz. Extracting by manifest.
597 silly tarball no local data for @exodus/bytes@https://registry.npmjs.org/@exodus/bytes/-/bytes-1.15.1.tgz. Extracting by manifest.
598 silly tarball no local data for css-tree@https://registry.npmjs.org/css-tree/-/css-tree-3.2.1.tgz. Extracting by manifest.
599 silly tarball no local data for @bramus/specificity@https://registry.npmjs.org/@bramus/specificity/-/specificity-2.4.2.tgz. Extracting by manifest.
600 silly tarball no local data for @asamuzakjp/dom-selector@https://registry.npmjs.org/@asamuzakjp/dom-selector/-/dom-selector-7.1.1.tgz. Extracting by manifest.
601 silly tarball no local data for @asamuzakjp/css-color@https://registry.npmjs.org/@asamuzakjp/css-color/-/css-color-5.1.11.tgz. Extracting by manifest.
602 silly tarball no local data for whatwg-url@https://registry.npmjs.org/whatwg-url/-/whatwg-url-16.0.1.tgz. Extracting by manifest.
603 silly tarball no local data for webidl-conversions@https://registry.npmjs.org/webidl-conversions/-/webidl-conversions-8.0.1.tgz. Extracting by manifest.
604 silly tarball no local data for tr46@https://registry.npmjs.org/tr46/-/tr46-6.0.0.tgz. Extracting by manifest.
605 silly tarball no local data for vitest@https://registry.npmjs.org/vitest/-/vitest-4.1.9.tgz. Extracting by manifest.
606 silly tarball no local data for whatwg-url@https://registry.npmjs.org/whatwg-url/-/whatwg-url-16.0.1.tgz. Extracting by manifest.
607 silly tarball no local data for jsdom@https://registry.npmjs.org/jsdom/-/jsdom-29.1.1.tgz. Extracting by manifest.
608 silly tarball no local data for webidl-conversions@https://registry.npmjs.org/webidl-conversions/-/webidl-conversions-8.0.1.tgz. Extracting by manifest.
609 silly tarball no local data for @csstools/css-syntax-patches-for-csstree@https://registry.npmjs.org/@csstools/css-syntax-patches-for-csstree/-/css-syntax-patches-for-csstree-1.1.6.tgz. Extracting by manifest.
610 silly tarball no local data for tr46@https://registry.npmjs.org/tr46/-/tr46-6.0.0.tgz. Extracting by manifest.
611 silly tarball no local data for data-urls@https://registry.npmjs.org/data-urls/-/data-urls-7.0.0.tgz. Extracting by manifest.
612 silly tarball no local data for lru-cache@https://registry.npmjs.org/lru-cache/-/lru-cache-11.5.1.tgz. Extracting by manifest.
613 http fetch POST 200 https://registry.npmjs.org/-/npm/v1/security/advisories/bulk 195ms
614 silly audit report {}
615 http fetch GET 200 https://registry.npmjs.org/estree-walker/-/estree-walker-3.0.3.tgz 180ms (cache miss)
616 http fetch GET 200 https://registry.npmjs.org/stackback/-/stackback-0.0.2.tgz 213ms (cache miss)
617 http fetch GET 200 https://registry.npmjs.org/assertion-error/-/assertion-error-2.0.1.tgz 208ms (cache miss)
618 http fetch GET 200 https://registry.npmjs.org/tinyrainbow/-/tinyrainbow-3.1.0.tgz 204ms (cache miss)
619 http fetch GET 200 https://registry.npmjs.org/punycode/-/punycode-2.3.1.tgz 218ms (cache miss)
620 http fetch GET 200 https://registry.npmjs.org/why-is-node-running/-/why-is-node-running-2.3.0.tgz 212ms (cache miss)
621 http fetch GET 200 https://registry.npmjs.org/@types/deep-eql/-/deep-eql-4.0.2.tgz 221ms (cache miss)
622 http fetch GET 200 https://registry.npmjs.org/chai/-/chai-6.2.2.tgz 264ms (cache miss)
623 http fetch GET 200 https://registry.npmjs.org/@types/chai/-/chai-5.2.3.tgz 306ms (cache miss)
624 http fetch GET 200 https://registry.npmjs.org/@standard-schema/spec/-/spec-1.1.0.tgz 321ms (cache miss)
625 http fetch GET 200 https://registry.npmjs.org/obug/-/obug-2.1.3.tgz 323ms (cache miss)
626 http fetch GET 200 https://registry.npmjs.org/expect-type/-/expect-type-1.4.0.tgz 522ms (cache miss)
627 http fetch GET 200 https://registry.npmjs.org/@vitest/utils/-/utils-4.1.9.tgz 650ms (cache miss)
628 http fetch GET 200 https://registry.npmjs.org/es-module-lexer/-/es-module-lexer-2.2.0.tgz 671ms (cache miss)
629 http fetch GET 200 https://registry.npmjs.org/@vitest/spy/-/spy-4.1.9.tgz 685ms (cache miss)
630 http fetch GET 200 https://registry.npmjs.org/@vitest/snapshot/-/snapshot-4.1.9.tgz 748ms (cache miss)
631 http fetch GET 200 https://registry.npmjs.org/@vitest/runner/-/runner-4.1.9.tgz 776ms (cache miss)
632 http fetch GET 200 https://registry.npmjs.org/@vitest/pretty-format/-/pretty-format-4.1.9.tgz 777ms (cache miss)
633 http fetch GET 200 https://registry.npmjs.org/@vitest/mocker/-/mocker-4.1.9.tgz 972ms (cache miss)
634 http fetch GET 200 https://registry.npmjs.org/magic-string/-/magic-string-0.30.21.tgz 1038ms (cache miss)
635 http fetch GET 200 https://registry.npmjs.org/@vitest/expect/-/expect-4.1.9.tgz 1116ms (cache miss)
636 http fetch GET 200 https://registry.npmjs.org/xmlchars/-/xmlchars-2.2.0.tgz 1127ms (cache miss)
637 http fetch GET 200 https://registry.npmjs.org/@csstools/color-helpers/-/color-helpers-6.1.0.tgz 1409ms (cache miss)
638 http fetch GET 200 https://registry.npmjs.org/tinyexec/-/tinyexec-1.2.4.tgz 1445ms (cache miss)
639 http fetch GET 200 https://registry.npmjs.org/tinybench/-/tinybench-2.9.0.tgz 1470ms (cache miss)
640 http fetch GET 200 https://registry.npmjs.org/@csstools/css-tokenizer/-/css-tokenizer-4.0.0.tgz 1448ms (cache miss)
641 http fetch GET 200 https://registry.npmjs.org/std-env/-/std-env-4.1.0.tgz 1470ms (cache miss)
642 http fetch GET 200 https://registry.npmjs.org/entities/-/entities-8.0.0.tgz 1526ms (cache miss)
643 http fetch GET 200 https://registry.npmjs.org/@csstools/css-color-parser/-/css-color-parser-4.1.9.tgz 1539ms (cache miss)
644 http fetch GET 200 https://registry.npmjs.org/pathe/-/pathe-2.0.3.tgz 1568ms (cache miss)
645 http fetch GET 200 https://registry.npmjs.org/require-from-string/-/require-from-string-2.0.2.tgz 1647ms (cache miss)
646 http fetch GET 200 https://registry.npmjs.org/@asamuzakjp/nwsapi/-/nwsapi-2.3.9.tgz 1793ms (cache miss)
647 http fetch GET 200 https://registry.npmjs.org/@csstools/css-parser-algorithms/-/css-parser-algorithms-4.0.0.tgz 1793ms (cache miss)
648 http fetch GET 200 https://registry.npmjs.org/mdn-data/-/mdn-data-2.27.1.tgz 1848ms (cache miss)
649 http fetch GET 200 https://registry.npmjs.org/@csstools/css-calc/-/css-calc-3.2.1.tgz 1852ms (cache miss)
650 http fetch GET 200 https://registry.npmjs.org/bidi-js/-/bidi-js-1.0.3.tgz 1866ms (cache miss)
651 http fetch GET 200 https://registry.npmjs.org/w3c-xmlserializer/-/w3c-xmlserializer-5.0.0.tgz 1874ms (cache miss)
652 http fetch GET 200 https://registry.npmjs.org/@asamuzakjp/generational-cache/-/generational-cache-1.0.1.tgz 1875ms (cache miss)
653 http fetch GET 200 https://registry.npmjs.org/xml-name-validator/-/xml-name-validator-5.0.0.tgz 1875ms (cache miss)
654 http fetch GET 200 https://registry.npmjs.org/tldts-core/-/tldts-core-7.4.5.tgz 1953ms (cache miss)
655 http fetch GET 200 https://registry.npmjs.org/whatwg-mimetype/-/whatwg-mimetype-5.0.0.tgz 1944ms (cache miss)
656 http fetch GET 200 https://registry.npmjs.org/symbol-tree/-/symbol-tree-3.2.4.tgz 2025ms (cache miss)
657 http fetch GET 200 https://registry.npmjs.org/parse5/-/parse5-8.0.1.tgz 2165ms (cache miss)
658 http fetch GET 200 https://registry.npmjs.org/saxes/-/saxes-6.0.0.tgz 2292ms (cache miss)
659 http fetch GET 200 https://registry.npmjs.org/is-potential-custom-element-name/-/is-potential-custom-element-name-1.0.1.tgz 2299ms (cache miss)
660 http fetch GET 200 https://registry.npmjs.org/siginfo/-/siginfo-2.0.0.tgz 2304ms (cache miss)
661 http fetch GET 200 https://registry.npmjs.org/html-encoding-sniffer/-/html-encoding-sniffer-6.0.0.tgz 2304ms (cache miss)
662 http fetch GET 200 https://registry.npmjs.org/decimal.js/-/decimal.js-10.6.0.tgz 2391ms (cache miss)
663 http fetch GET 200 https://registry.npmjs.org/webidl-conversions/-/webidl-conversions-8.0.1.tgz 3091ms (cache miss)
664 http fetch GET 200 https://registry.npmjs.org/tr46/-/tr46-6.0.0.tgz 3101ms (cache miss)
665 http fetch GET 200 https://registry.npmjs.org/webidl-conversions/-/webidl-conversions-8.0.1.tgz 3199ms (cache miss)
666 http fetch GET 200 https://registry.npmjs.org/tr46/-/tr46-6.0.0.tgz 3484ms (cache miss)
667 http fetch GET 200 https://registry.npmjs.org/@csstools/css-syntax-patches-for-csstree/-/css-syntax-patches-for-csstree-1.1.6.tgz 3520ms (cache miss)
668 http fetch GET 200 https://registry.npmjs.org/whatwg-url/-/whatwg-url-16.0.1.tgz 3682ms (cache miss)
669 http fetch GET 200 https://registry.npmjs.org/data-urls/-/data-urls-7.0.0.tgz 3691ms (cache miss)
670 http fetch GET 200 https://registry.npmjs.org/@exodus/bytes/-/bytes-1.15.1.tgz 4112ms (cache miss)
671 http fetch GET 200 https://registry.npmjs.org/whatwg-url/-/whatwg-url-16.0.1.tgz 4780ms (cache miss)
672 http fetch GET 200 https://registry.npmjs.org/css-tree/-/css-tree-3.2.1.tgz 4809ms (cache miss)
673 http fetch GET 200 https://registry.npmjs.org/tough-cookie/-/tough-cookie-6.0.1.tgz 5345ms (cache miss)
674 http fetch GET 200 https://registry.npmjs.org/@asamuzakjp/dom-selector/-/dom-selector-7.1.1.tgz 5784ms (cache miss)
675 http fetch GET 200 https://registry.npmjs.org/@bramus/specificity/-/specificity-2.4.2.tgz 6152ms (cache miss)
676 http fetch GET 200 https://registry.npmjs.org/@asamuzakjp/css-color/-/css-color-5.1.11.tgz 6197ms (cache miss)
677 http fetch GET 200 https://registry.npmjs.org/lru-cache/-/lru-cache-11.5.1.tgz 6161ms (cache miss)
678 http fetch GET 200 https://registry.npmjs.org/vitest/-/vitest-4.1.9.tgz 6692ms (cache miss)
679 http fetch GET 200 https://registry.npmjs.org/undici/-/undici-7.28.0.tgz 6754ms (cache miss)
680 http fetch GET 200 https://registry.npmjs.org/tldts/-/tldts-7.4.5.tgz 6795ms (cache miss)
681 http fetch GET 200 https://registry.npmjs.org/jsdom/-/jsdom-29.1.1.tgz 6990ms (cache miss)
682 silly ADD node_modules/punycode
683 silly ADD node_modules/stackback
684 silly ADD node_modules/siginfo
685 silly ADD node_modules/estree-walker
686 silly ADD node_modules/assertion-error
687 silly ADD node_modules/@types/deep-eql
688 silly ADD node_modules/chai
689 silly ADD node_modules/@types/chai
690 silly ADD node_modules/@standard-schema/spec
691 silly ADD node_modules/why-is-node-running
692 silly ADD node_modules/tinyrainbow
693 silly ADD node_modules/tinyexec
694 silly ADD node_modules/tinybench
695 silly ADD node_modules/std-env
696 silly ADD node_modules/pathe
697 silly ADD node_modules/obug
698 silly ADD node_modules/magic-string
699 silly ADD node_modules/expect-type
700 silly ADD node_modules/es-module-lexer
701 silly ADD node_modules/@vitest/utils
702 silly ADD node_modules/@vitest/spy
703 silly ADD node_modules/@vitest/snapshot
704 silly ADD node_modules/@vitest/runner
705 silly ADD node_modules/@vitest/pretty-format
706 silly ADD node_modules/@vitest/mocker
707 silly ADD node_modules/@vitest/expect
708 silly ADD node_modules/tldts-core
709 silly ADD node_modules/tldts
710 silly ADD node_modules/xmlchars
711 silly ADD node_modules/entities
712 silly ADD node_modules/mdn-data
713 silly ADD node_modules/require-from-string
714 silly ADD node_modules/@csstools/color-helpers
715 silly ADD node_modules/bidi-js
716 silly ADD node_modules/@asamuzakjp/nwsapi
717 silly ADD node_modules/@csstools/css-color-parser
718 silly ADD node_modules/@csstools/css-tokenizer
719 silly ADD node_modules/@csstools/css-parser-algorithms
720 silly ADD node_modules/@csstools/css-calc
721 silly ADD node_modules/@asamuzakjp/generational-cache
722 silly ADD node_modules/xml-name-validator
723 silly ADD node_modules/whatwg-mimetype
724 silly ADD node_modules/w3c-xmlserializer
725 silly ADD node_modules/undici
726 silly ADD node_modules/tough-cookie
727 silly ADD node_modules/symbol-tree
728 silly ADD node_modules/saxes
729 silly ADD node_modules/parse5
730 silly ADD node_modules/is-potential-custom-element-name
731 silly ADD node_modules/html-encoding-sniffer
732 silly ADD node_modules/decimal.js
733 silly ADD node_modules/data-urls
734 silly ADD node_modules/data-urls/node_modules/webidl-conversions
735 silly ADD node_modules/data-urls/node_modules/tr46
736 silly ADD node_modules/data-urls/node_modules/whatwg-url
737 silly ADD node_modules/css-tree
738 silly ADD node_modules/@exodus/bytes
739 silly ADD node_modules/@csstools/css-syntax-patches-for-csstree
740 silly ADD node_modules/@bramus/specificity
741 silly ADD node_modules/@asamuzakjp/dom-selector
742 silly ADD node_modules/@asamuzakjp/css-color
743 silly ADD node_modules/vitest
744 silly ADD node_modules/vitest/node_modules/picomatch
745 silly ADD node_modules/jsdom
746 silly ADD node_modules/jsdom/node_modules/tr46
747 silly ADD node_modules/jsdom/node_modules/whatwg-url
748 silly ADD node_modules/jsdom/node_modules/webidl-conversions
749 silly ADD node_modules/jsdom/node_modules/lru-cache
750 verbose cwd C:\Users\l7294\Documents\记账
751 verbose os Windows_NT 10.0.26200
752 verbose node v24.16.0
753 verbose npm  v11.13.0
754 verbose exit 0
755 info ok
