0 verbose cli C:\Program Files\nodejs\node.exe C:\Program Files\nodejs\node_modules\npm\bin\npm-cli.js
1 info using npm@11.13.0
2 info using node@v24.16.0
3 silly config load:file:C:\Program Files\nodejs\node_modules\npm\npmrc
4 silly config load:file:C:\Users\l7294\Documents\记账\.npmrc
5 silly config load:file:C:\Users\l7294\.npmrc
6 silly config load:file:C:\Users\l7294\AppData\Roaming\npm\etc\npmrc
7 verbose title npm install @tesseract.js-data/jpn @tesseract.js-data/eng
8 verbose argv "install" "@tesseract.js-data/jpn" "@tesseract.js-data/eng" "--cache" ".\\.npm-cache"
9 verbose logfile logs-max:10 dir:C:\Users\l7294\Documents\记账\.npm-cache\_logs\2026-07-01T08_41_09_116Z-
10 verbose logfile C:\Users\l7294\Documents\记账\.npm-cache\_logs\2026-07-01T08_41_09_116Z-debug-0.log
11 silly logfile done cleaning log files
12 silly packumentCache heap:4496293888 maxSize:1124073472 maxEntrySize:562036736
13 silly idealTree buildDeps
14 silly fetch manifest @tesseract.js-data/jpn@*
15 silly packumentCache full:https://registry.npmjs.org/@tesseract.js-data%2fjpn cache-miss
16 http cache https://registry.npmjs.org/@tesseract.js-data%2fjpn 65ms (cache hit)
17 silly packumentCache full:https://registry.npmjs.org/@tesseract.js-data%2fjpn set size:4848 disposed:false
18 silly fetch manifest @tesseract.js-data/eng@*
19 silly packumentCache full:https://registry.npmjs.org/@tesseract.js-data%2feng cache-miss
20 http fetch GET 200 https://registry.npmjs.org/@tesseract.js-data%2feng 1016ms (cache miss)
21 silly packumentCache full:https://registry.npmjs.org/@tesseract.js-data%2feng set size:undefined disposed:false
22 silly placeDep ROOT @tesseract.js-data/eng@1.0.0 OK for: minimal-expense-app@0.1.0 want: *
23 silly placeDep ROOT @tesseract.js-data/jpn@1.0.0 OK for: minimal-expense-app@0.1.0 want: *
24 silly reify moves {}
25 silly audit bulk request {
25 silly audit   '@alloc/quick-lru': [ '5.2.0' ],
25 silly audit   '@asamuzakjp/css-color': [ '5.1.11' ],
25 silly audit   '@asamuzakjp/dom-selector': [ '7.1.1' ],
25 silly audit   '@asamuzakjp/generational-cache': [ '1.0.1' ],
25 silly audit   '@asamuzakjp/nwsapi': [ '2.3.9' ],
25 silly audit   '@babel/code-frame': [ '7.29.7' ],
25 silly audit   '@babel/compat-data': [ '7.29.7' ],
25 silly audit   '@babel/core': [ '7.29.7' ],
25 silly audit   '@babel/generator': [ '7.29.7' ],
25 silly audit   '@babel/helper-compilation-targets': [ '7.29.7' ],
25 silly audit   '@babel/helper-globals': [ '7.29.7' ],
25 silly audit   '@babel/helper-module-imports': [ '7.29.7' ],
25 silly audit   '@babel/helper-module-transforms': [ '7.29.7' ],
25 silly audit   '@babel/helper-plugin-utils': [ '7.29.7' ],
25 silly audit   '@babel/helper-string-parser': [ '7.29.7' ],
25 silly audit   '@babel/helper-validator-identifier': [ '7.29.7' ],
25 silly audit   '@babel/helper-validator-option': [ '7.29.7' ],
25 silly audit   '@babel/helpers': [ '7.29.7' ],
25 silly audit   '@babel/parser': [ '7.29.7' ],
25 silly audit   '@babel/plugin-transform-react-jsx-self': [ '7.29.7' ],
25 silly audit   '@babel/plugin-transform-react-jsx-source': [ '7.29.7' ],
25 silly audit   '@babel/template': [ '7.29.7' ],
25 silly audit   '@babel/traverse': [ '7.29.7' ],
25 silly audit   '@babel/types': [ '7.29.7' ],
25 silly audit   '@bramus/specificity': [ '2.4.2' ],
25 silly audit   '@csstools/color-helpers': [ '6.1.0' ],
25 silly audit   '@csstools/css-calc': [ '3.2.1' ],
25 silly audit   '@csstools/css-color-parser': [ '4.1.9' ],
25 silly audit   '@csstools/css-parser-algorithms': [ '4.0.0' ],
25 silly audit   '@csstools/css-syntax-patches-for-csstree': [ '1.1.6' ],
25 silly audit   '@csstools/css-tokenizer': [ '4.0.0' ],
25 silly audit   '@esbuild/aix-ppc64': [ '0.25.12' ],
25 silly audit   '@esbuild/android-arm': [ '0.25.12' ],
25 silly audit   '@esbuild/android-arm64': [ '0.25.12' ],
25 silly audit   '@esbuild/android-x64': [ '0.25.12' ],
25 silly audit   '@esbuild/darwin-arm64': [ '0.25.12' ],
25 silly audit   '@esbuild/darwin-x64': [ '0.25.12' ],
25 silly audit   '@esbuild/freebsd-arm64': [ '0.25.12' ],
25 silly audit   '@esbuild/freebsd-x64': [ '0.25.12' ],
25 silly audit   '@esbuild/linux-arm': [ '0.25.12' ],
25 silly audit   '@esbuild/linux-arm64': [ '0.25.12' ],
25 silly audit   '@esbuild/linux-ia32': [ '0.25.12' ],
25 silly audit   '@esbuild/linux-loong64': [ '0.25.12' ],
25 silly audit   '@esbuild/linux-mips64el': [ '0.25.12' ],
25 silly audit   '@esbuild/linux-ppc64': [ '0.25.12' ],
25 silly audit   '@esbuild/linux-riscv64': [ '0.25.12' ],
25 silly audit   '@esbuild/linux-s390x': [ '0.25.12' ],
25 silly audit   '@esbuild/linux-x64': [ '0.25.12' ],
25 silly audit   '@esbuild/netbsd-arm64': [ '0.25.12' ],
25 silly audit   '@esbuild/netbsd-x64': [ '0.25.12' ],
25 silly audit   '@esbuild/openbsd-arm64': [ '0.25.12' ],
25 silly audit   '@esbuild/openbsd-x64': [ '0.25.12' ],
25 silly audit   '@esbuild/openharmony-arm64': [ '0.25.12' ],
25 silly audit   '@esbuild/sunos-x64': [ '0.25.12' ],
25 silly audit   '@esbuild/win32-arm64': [ '0.25.12' ],
25 silly audit   '@esbuild/win32-ia32': [ '0.25.12' ],
25 silly audit   '@esbuild/win32-x64': [ '0.25.12' ],
25 silly audit   '@exodus/bytes': [ '1.15.1' ],
25 silly audit   '@jridgewell/gen-mapping': [ '0.3.13' ],
25 silly audit   '@jridgewell/remapping': [ '2.3.5' ],
25 silly audit   '@jridgewell/resolve-uri': [ '3.1.2' ],
25 silly audit   '@jridgewell/sourcemap-codec': [ '1.5.5' ],
25 silly audit   '@jridgewell/trace-mapping': [ '0.3.31' ],
25 silly audit   '@nodelib/fs.scandir': [ '2.1.5' ],
25 silly audit   '@nodelib/fs.stat': [ '2.0.5' ],
25 silly audit   '@nodelib/fs.walk': [ '1.2.8' ],
25 silly audit   '@rolldown/pluginutils': [ '1.0.0-beta.27' ],
25 silly audit   '@rollup/rollup-android-arm-eabi': [ '4.62.2' ],
25 silly audit   '@rollup/rollup-android-arm64': [ '4.62.2' ],
25 silly audit   '@rollup/rollup-darwin-arm64': [ '4.62.2' ],
25 silly audit   '@rollup/rollup-darwin-x64': [ '4.62.2' ],
25 silly audit   '@rollup/rollup-freebsd-arm64': [ '4.62.2' ],
25 silly audit   '@rollup/rollup-freebsd-x64': [ '4.62.2' ],
25 silly audit   '@rollup/rollup-linux-arm-gnueabihf': [ '4.62.2' ],
25 silly audit   '@rollup/rollup-linux-arm-musleabihf': [ '4.62.2' ],
25 silly audit   '@rollup/rollup-linux-arm64-gnu': [ '4.62.2' ],
25 silly audit   '@rollup/rollup-linux-arm64-musl': [ '4.62.2' ],
25 silly audit   '@rollup/rollup-linux-loong64-gnu': [ '4.62.2' ],
25 silly audit   '@rollup/rollup-linux-loong64-musl': [ '4.62.2' ],
25 silly audit   '@rollup/rollup-linux-ppc64-gnu': [ '4.62.2' ],
25 silly audit   '@rollup/rollup-linux-ppc64-musl': [ '4.62.2' ],
25 silly audit   '@rollup/rollup-linux-riscv64-gnu': [ '4.62.2' ],
25 silly audit   '@rollup/rollup-linux-riscv64-musl': [ '4.62.2' ],
25 silly audit   '@rollup/rollup-linux-s390x-gnu': [ '4.62.2' ],
25 silly audit   '@rollup/rollup-linux-x64-gnu': [ '4.62.2' ],
25 silly audit   '@rollup/rollup-linux-x64-musl': [ '4.62.2' ],
25 silly audit   '@rollup/rollup-openbsd-x64': [ '4.62.2' ],
25 silly audit   '@rollup/rollup-openharmony-arm64': [ '4.62.2' ],
25 silly audit   '@rollup/rollup-win32-arm64-msvc': [ '4.62.2' ],
25 silly audit   '@rollup/rollup-win32-ia32-msvc': [ '4.62.2' ],
25 silly audit   '@rollup/rollup-win32-x64-gnu': [ '4.62.2' ],
25 silly audit   '@rollup/rollup-win32-x64-msvc': [ '4.62.2' ],
25 silly audit   '@standard-schema/spec': [ '1.1.0' ],
25 silly audit   '@types/babel__core': [ '7.20.5' ],
25 silly audit   '@types/babel__generator': [ '7.27.0' ],
25 silly audit   '@types/babel__template': [ '7.4.4' ],
25 silly audit   '@types/babel__traverse': [ '7.28.0' ],
25 silly audit   '@types/chai': [ '5.2.3' ],
25 silly audit   '@types/deep-eql': [ '4.0.2' ],
25 silly audit   '@types/estree': [ '1.0.9' ],
25 silly audit   '@types/react': [ '19.2.17' ],
25 silly audit   '@types/react-dom': [ '19.2.3' ],
25 silly audit   '@vitejs/plugin-react': [ '4.7.0' ],
25 silly audit   '@vitest/expect': [ '4.1.9' ],
25 silly audit   '@vitest/mocker': [ '4.1.9' ],
25 silly audit   '@vitest/pretty-format': [ '4.1.9' ],
25 silly audit   '@vitest/runner': [ '4.1.9' ],
25 silly audit   '@vitest/snapshot': [ '4.1.9' ],
25 silly audit   '@vitest/spy': [ '4.1.9' ],
25 silly audit   '@vitest/utils': [ '4.1.9' ],
25 silly audit   'any-promise': [ '1.3.0' ],
25 silly audit   anymatch: [ '3.1.3' ],
25 silly audit   arg: [ '5.0.2' ],
25 silly audit   'assertion-error': [ '2.0.1' ],
25 silly audit   autoprefixer: [ '10.5.2' ],
25 silly audit   'baseline-browser-mapping': [ '2.10.40' ],
25 silly audit   'bidi-js': [ '1.0.3' ],
25 silly audit   'binary-extensions': [ '2.3.0' ],
25 silly audit   'bmp-js': [ '0.1.0' ],
25 silly audit   braces: [ '3.0.3' ],
25 silly audit   browserslist: [ '4.28.4' ],
25 silly audit   'camelcase-css': [ '2.0.1' ],
25 silly audit   'caniuse-lite': [ '1.0.30001800' ],
25 silly audit   chai: [ '6.2.2' ],
25 silly audit   chokidar: [ '3.6.0' ],
25 silly audit   'glob-parent': [ '5.1.2', '6.0.2' ],
25 silly audit   commander: [ '4.1.1' ],
25 silly audit   'convert-source-map': [ '2.0.0' ],
25 silly audit   'css-tree': [ '3.2.1' ],
25 silly audit   cssesc: [ '3.0.0' ],
25 silly audit   csstype: [ '3.2.3' ],
25 silly audit   'data-urls': [ '7.0.0' ],
25 silly audit   tr46: [ '6.0.0', '0.0.3' ],
25 silly audit   'webidl-conversions': [ '8.0.1', '3.0.1' ],
25 silly audit   'whatwg-url': [ '16.0.1', '5.0.0' ],
25 silly audit   debug: [ '4.4.3' ],
25 silly audit   'decimal.js': [ '10.6.0' ],
25 silly audit   didyoumean: [ '1.2.2' ],
25 silly audit   dlv: [ '1.1.3' ],
25 silly audit   'electron-to-chromium': [ '1.5.383' ],
25 silly audit   entities: [ '8.0.0' ],
25 silly audit   'es-errors': [ '1.3.0' ],
25 silly audit   'es-module-lexer': [ '2.2.0' ],
25 silly audit   esbuild: [ '0.25.12' ],
25 silly audit   escalade: [ '3.2.0' ],
25 silly audit   'estree-walker': [ '3.0.3' ],
25 silly audit   'expect-type': [ '1.4.0' ],
25 silly audit   'fast-glob': [ '3.3.3' ],
25 silly audit   fastq: [ '1.20.1' ],
25 silly audit   'fill-range': [ '7.1.1' ],
25 silly audit   'fraction.js': [ '5.3.4' ],
25 silly audit   fsevents: [ '2.3.3' ],
25 silly audit   'function-bind': [ '1.1.2' ],
25 silly audit   gensync: [ '1.0.0-beta.2' ],
25 silly audit   hasown: [ '2.0.4' ],
25 silly audit   'html-encoding-sniffer': [ '6.0.0' ],
25 silly audit   'idb-keyval': [ '6.2.6' ],
25 silly audit   'is-binary-path': [ '2.1.0' ],
25 silly audit   'is-core-module': [ '2.16.2' ],
25 silly audit   'is-extglob': [ '2.1.1' ],
25 silly audit   'is-glob': [ '4.0.3' ],
25 silly audit   'is-number': [ '7.0.0' ],
25 silly audit   'is-potential-custom-element-name': [ '1.0.1' ],
25 silly audit   'is-url': [ '1.2.4' ],
25 silly audit   jiti: [ '1.21.7' ],
25 silly audit   'js-tokens': [ '4.0.0' ],
25 silly audit   jsdom: [ '29.1.1' ],
25 silly audit   'lru-cache': [ '11.5.1', '5.1.1' ],
25 silly audit   jsesc: [ '3.1.0' ],
25 silly audit   json5: [ '2.2.3' ],
25 silly audit   lilconfig: [ '3.1.3' ],
25 silly audit   'lines-and-columns': [ '1.2.4' ],
25 silly audit   'magic-string': [ '0.30.21' ],
25 silly audit   'mdn-data': [ '2.27.1' ],
25 silly audit   merge2: [ '1.4.1' ],
25 silly audit   micromatch: [ '4.0.8' ],
25 silly audit   ms: [ '2.1.3' ],
25 silly audit   mz: [ '2.7.0' ],
25 silly audit   nanoid: [ '3.3.15' ],
25 silly audit   'node-fetch': [ '2.7.0' ],
25 silly audit   'node-releases': [ '2.0.50' ],
25 silly audit   'normalize-path': [ '3.0.0' ],
25 silly audit   'object-assign': [ '4.1.1' ],
25 silly audit   'object-hash': [ '3.0.0' ],
25 silly audit   obug: [ '2.1.3' ],
25 silly audit   'opencollective-postinstall': [ '2.0.3' ],
25 silly audit   parse5: [ '8.0.1' ],
25 silly audit   'path-parse': [ '1.0.7' ],
25 silly audit   pathe: [ '2.0.3' ],
25 silly audit   picocolors: [ '1.1.1' ],
25 silly audit   picomatch: [ '2.3.2', '4.0.4' ],
25 silly audit   pify: [ '2.3.0' ],
25 silly audit   pirates: [ '4.0.7' ],
25 silly audit   postcss: [ '8.5.16' ],
25 silly audit   'postcss-import': [ '15.1.0' ],
25 silly audit   'postcss-js': [ '4.1.0' ],
25 silly audit   'postcss-load-config': [ '6.0.1' ],
25 silly audit   'postcss-nested': [ '6.2.0' ],
25 silly audit   'postcss-selector-parser': [ '6.1.4' ],
25 silly audit   'postcss-value-parser': [ '4.2.0' ],
25 silly audit   punycode: [ '2.3.1' ],
25 silly audit   'queue-microtask': [ '1.2.3' ],
25 silly audit   react: [ '19.2.7' ],
25 silly audit   'react-dom': [ '19.2.7' ],
25 silly audit   'react-refresh': [ '0.17.0' ],
25 silly audit   'read-cache': [ '1.0.0' ],
25 silly audit   readdirp: [ '3.6.0' ],
25 silly audit   'regenerator-runtime': [ '0.13.11' ],
25 silly audit   'require-from-string': [ '2.0.2' ],
25 silly audit   resolve: [ '1.22.12' ],
25 silly audit   reusify: [ '1.1.0' ],
25 silly audit   rollup: [ '4.62.2' ],
25 silly audit   'run-parallel': [ '1.2.0' ],
25 silly audit   saxes: [ '6.0.0' ],
25 silly audit   scheduler: [ '0.27.0' ],
25 silly audit   semver: [ '6.3.1' ],
25 silly audit   siginfo: [ '2.0.0' ],
25 silly audit   'source-map-js': [ '1.2.1' ],
25 silly audit   stackback: [ '0.0.2' ],
25 silly audit   'std-env': [ '4.1.0' ],
25 silly audit   sucrase: [ '3.35.1' ],
25 silly audit   'supports-preserve-symlinks-flag': [ '1.0.0' ],
25 silly audit   'symbol-tree': [ '3.2.4' ],
25 silly audit   tailwindcss: [ '3.4.19' ],
25 silly audit   'tesseract.js': [ '7.0.0' ],
25 silly audit   'tesseract.js-core': [ '7.0.0' ],
25 silly audit   thenify: [ '3.3.1' ],
25 silly audit   'thenify-all': [ '1.6.0' ],
25 silly audit   tinybench: [ '2.9.0' ],
25 silly audit   tinyexec: [ '1.2.4' ],
25 silly audit   tinyglobby: [ '0.2.17' ],
25 silly audit   fdir: [ '6.5.0' ],
25 silly audit   tinyrainbow: [ '3.1.0' ],
25 silly audit   tldts: [ '7.4.5' ],
25 silly audit   'tldts-core': [ '7.4.5' ],
25 silly audit   'to-regex-range': [ '5.0.1' ],
25 silly audit   'tough-cookie': [ '6.0.1' ],
25 silly audit   'ts-interface-checker': [ '0.1.13' ],
25 silly audit   typescript: [ '5.9.3' ],
25 silly audit   undici: [ '7.28.0' ],
25 silly audit   'update-browserslist-db': [ '1.2.3' ],
25 silly audit   'util-deprecate': [ '1.0.2' ],
25 silly audit   vite: [ '6.4.3' ],
25 silly audit   vitest: [ '4.1.9' ],
25 silly audit   'w3c-xmlserializer': [ '5.0.0' ],
25 silly audit   'wasm-feature-detect': [ '1.8.0' ],
25 silly audit   'whatwg-mimetype': [ '5.0.0' ],
25 silly audit   'why-is-node-running': [ '2.3.0' ],
25 silly audit   'xml-name-validator': [ '5.0.0' ],
25 silly audit   xmlchars: [ '2.2.0' ],
25 silly audit   yallist: [ '3.1.1' ],
25 silly audit   zlibjs: [ '0.3.1' ],
25 silly audit   '@tesseract.js-data/eng': [ '1.0.0' ],
25 silly audit   '@tesseract.js-data/jpn': [ '1.0.0' ]
25 silly audit }
26 http cache @tesseract.js-data/eng@https://registry.npmjs.org/@tesseract.js-data/eng/-/eng-1.0.0.tgz 0ms (cache hit)
27 http cache @tesseract.js-data/jpn@https://registry.npmjs.org/@tesseract.js-data/jpn/-/jpn-1.0.0.tgz 0ms (cache hit)
28 silly tarball no local data for @tesseract.js-data/eng@https://registry.npmjs.org/@tesseract.js-data/eng/-/eng-1.0.0.tgz. Extracting by manifest.
29 silly tarball no local data for @tesseract.js-data/jpn@https://registry.npmjs.org/@tesseract.js-data/jpn/-/jpn-1.0.0.tgz. Extracting by manifest.
30 http fetch POST 200 https://registry.npmjs.org/-/npm/v1/security/advisories/bulk 248ms
31 silly audit report {}
32 http fetch GET 200 https://registry.npmjs.org/@tesseract.js-data/eng/-/eng-1.0.0.tgz 20930ms (cache miss)
33 http fetch GET 200 https://registry.npmjs.org/@tesseract.js-data/jpn/-/jpn-1.0.0.tgz 30496ms (cache miss)
34 silly ADD node_modules/@tesseract.js-data/jpn
35 silly ADD node_modules/@tesseract.js-data/eng
36 verbose cwd C:\Users\l7294\Documents\记账
37 verbose os Windows_NT 10.0.26200
38 verbose node v24.16.0
39 verbose npm  v11.13.0
40 verbose exit 0
41 info ok
